
*** Running vivado
    with args -log lab5_top.vds -m64 -product Vivado -mode batch -messageDb vivado.pb -notrace -source lab5_top.tcl


****** Vivado v2020.1 (64-bit)
  **** SW Build 2902540 on Wed May 27 19:54:35 MDT 2020
  **** IP Build 2902112 on Wed May 27 22:43:36 MDT 2020
    ** Copyright 1986-2020 Xilinx, Inc. All Rights Reserved.

source lab5_top.tcl -notrace
Command: synth_design -top lab5_top -part xc7a15tcpg236-1
Starting synth_design
Attempting to get a license for feature 'Synthesis' and/or device 'xc7a15t'
INFO: [Common 17-349] Got license for feature 'Synthesis' and/or device 'xc7a15t'
INFO: [Device 21-403] Loading part xc7a15tcpg236-1
INFO: [Synth 8-7079] Multithreading enabled for synth_design using a maximum of 4 processes.
INFO: [Synth 8-7078] Launching helper process for spawning children vivado processes
INFO: [Synth 8-7075] Helper process launched with PID 444
---------------------------------------------------------------------------------
Starting RTL Elaboration : Time (s): cpu = 00:00:04 ; elapsed = 00:00:05 . Memory (MB): peak = 2146.234 ; gain = 0.000 ; free physical = 7160 ; free virtual = 12430
---------------------------------------------------------------------------------
INFO: [Synth 8-638] synthesizing module 'lab5_top' [/home/sebastian/Desktop/Git/AdvancedProgrammableElectronics/Lab5/Lab5.srcs/sources_1/imports/sources_1/new/lab4_top.vhd:11]
	Parameter CLK_IN_PERIOD bound to: 83.330000 - type: double 
INFO: [Synth 8-3491] module 'mmcm' declared at '/home/sebastian/Desktop/Git/AdvancedProgrammableElectronics/Lab5/Lab5.srcs/sources_1/imports/sources_1/new/mmcm.vhd:7' bound to instance 'clock' of component 'MMCM' [/home/sebastian/Desktop/Git/AdvancedProgrammableElectronics/Lab5/Lab5.srcs/sources_1/imports/sources_1/new/lab4_top.vhd:77]
INFO: [Synth 8-638] synthesizing module 'mmcm' [/home/sebastian/Desktop/Git/AdvancedProgrammableElectronics/Lab5/Lab5.srcs/sources_1/imports/sources_1/new/mmcm.vhd:16]
	Parameter CLK_IN_PERIOD bound to: 83.330000 - type: double 
	Parameter BANDWIDTH bound to: OPTIMIZED - type: string 
	Parameter CLKFBOUT_MULT_F bound to: 64.000000 - type: double 
	Parameter CLKFBOUT_PHASE bound to: 0.000000 - type: double 
	Parameter CLKIN1_PERIOD bound to: 83.330000 - type: double 
	Parameter CLKOUT0_DIVIDE_F bound to: 48.000000 - type: double 
	Parameter CLKOUT0_DUTY_CYCLE bound to: 0.500000 - type: double 
	Parameter CLKOUT0_PHASE bound to: 0.000000 - type: double 
	Parameter CLKOUT1_DIVIDE bound to: 1 - type: integer 
	Parameter CLKOUT1_DUTY_CYCLE bound to: 0.500000 - type: double 
	Parameter CLKOUT1_PHASE bound to: 0.000000 - type: double 
	Parameter CLKOUT2_DIVIDE bound to: 1 - type: integer 
	Parameter CLKOUT2_DUTY_CYCLE bound to: 0.500000 - type: double 
	Parameter CLKOUT2_PHASE bound to: 0.000000 - type: double 
	Parameter CLKOUT3_DIVIDE bound to: 1 - type: integer 
	Parameter CLKOUT3_DUTY_CYCLE bound to: 0.500000 - type: double 
	Parameter CLKOUT3_PHASE bound to: 0.000000 - type: double 
	Parameter CLKOUT4_CASCADE bound to: 0 - type: bool 
	Parameter CLKOUT4_DIVIDE bound to: 1 - type: integer 
	Parameter CLKOUT4_DUTY_CYCLE bound to: 0.500000 - type: double 
	Parameter CLKOUT4_PHASE bound to: 0.000000 - type: double 
	Parameter CLKOUT5_DIVIDE bound to: 1 - type: integer 
	Parameter CLKOUT5_DUTY_CYCLE bound to: 0.500000 - type: double 
	Parameter CLKOUT5_PHASE bound to: 0.000000 - type: double 
	Parameter CLKOUT6_DIVIDE bound to: 1 - type: integer 
	Parameter CLKOUT6_DUTY_CYCLE bound to: 0.500000 - type: double 
	Parameter CLKOUT6_PHASE bound to: 0.000000 - type: double 
	Parameter DIVCLK_DIVIDE bound to: 1 - type: integer 
	Parameter REF_JITTER1 bound to: 0.000000 - type: double 
	Parameter STARTUP_WAIT bound to: 0 - type: bool 
INFO: [Synth 8-113] binding component instance 'MMCME2_BASE_inst' to cell 'MMCME2_BASE' [/home/sebastian/Desktop/Git/AdvancedProgrammableElectronics/Lab5/Lab5.srcs/sources_1/imports/sources_1/new/mmcm.vhd:22]
INFO: [Synth 8-256] done synthesizing module 'mmcm' (1#1) [/home/sebastian/Desktop/Git/AdvancedProgrammableElectronics/Lab5/Lab5.srcs/sources_1/imports/sources_1/new/mmcm.vhd:16]
INFO: [Synth 8-3491] module 'uart_tx' declared at '/home/sebastian/Desktop/Git/AdvancedProgrammableElectronics/Lab5/Lab5.srcs/sources_1/imports/sources_1/new/uart_tx.vhd:5' bound to instance 'tx_slave' of component 'UART_TX' [/home/sebastian/Desktop/Git/AdvancedProgrammableElectronics/Lab5/Lab5.srcs/sources_1/imports/sources_1/new/lab4_top.vhd:83]
INFO: [Synth 8-638] synthesizing module 'uart_tx' [/home/sebastian/Desktop/Git/AdvancedProgrammableElectronics/Lab5/Lab5.srcs/sources_1/imports/sources_1/new/uart_tx.vhd:14]
WARNING: [Synth 8-614] signal 'DATA' is read in the process but is not in the sensitivity list [/home/sebastian/Desktop/Git/AdvancedProgrammableElectronics/Lab5/Lab5.srcs/sources_1/imports/sources_1/new/uart_tx.vhd:66]
INFO: [Synth 8-256] done synthesizing module 'uart_tx' (2#1) [/home/sebastian/Desktop/Git/AdvancedProgrammableElectronics/Lab5/Lab5.srcs/sources_1/imports/sources_1/new/uart_tx.vhd:14]
INFO: [Synth 8-3491] module 'uart_rx' declared at '/home/sebastian/Desktop/Git/AdvancedProgrammableElectronics/Lab5/Lab5.srcs/sources_1/imports/sources_1/new/uart_rx.vhd:5' bound to instance 'rx_slave' of component 'UART_RX' [/home/sebastian/Desktop/Git/AdvancedProgrammableElectronics/Lab5/Lab5.srcs/sources_1/imports/sources_1/new/lab4_top.vhd:91]
INFO: [Synth 8-638] synthesizing module 'uart_rx' [/home/sebastian/Desktop/Git/AdvancedProgrammableElectronics/Lab5/Lab5.srcs/sources_1/imports/sources_1/new/uart_rx.vhd:13]
WARNING: [Synth 8-614] signal 'state' is read in the process but is not in the sensitivity list [/home/sebastian/Desktop/Git/AdvancedProgrammableElectronics/Lab5/Lab5.srcs/sources_1/imports/sources_1/new/uart_rx.vhd:25]
INFO: [Synth 8-256] done synthesizing module 'uart_rx' (3#1) [/home/sebastian/Desktop/Git/AdvancedProgrammableElectronics/Lab5/Lab5.srcs/sources_1/imports/sources_1/new/uart_rx.vhd:13]
INFO: [Synth 8-3491] module 'memory' declared at '/home/sebastian/Desktop/Git/AdvancedProgrammableElectronics/Lab5/Lab5.srcs/sources_1/new/memory.vhd:11' bound to instance 'block_mem' of component 'memory' [/home/sebastian/Desktop/Git/AdvancedProgrammableElectronics/Lab5/Lab5.srcs/sources_1/imports/sources_1/new/lab4_top.vhd:98]
INFO: [Synth 8-638] synthesizing module 'memory' [/home/sebastian/Desktop/Git/AdvancedProgrammableElectronics/Lab5/Lab5.srcs/sources_1/new/memory.vhd:17]
	Parameter MEMORY_SIZE bound to: 512 - type: integer 
	Parameter MEMORY_PRIMITIVE bound to: auto - type: string 
	Parameter ECC_MODE bound to: no_ecc - type: string 
	Parameter MEMORY_INIT_FILE bound to: string_file.mem - type: string 
	Parameter MEMORY_INIT_PARAM bound to: (null) - type: string 
	Parameter USE_MEM_INIT bound to: 1 - type: integer 
	Parameter USE_MEM_INIT_MMI bound to: 0 - type: integer 
	Parameter WAKEUP_TIME bound to: disable_sleep - type: string 
	Parameter AUTO_SLEEP_TIME bound to: 0 - type: integer 
	Parameter MESSAGE_CONTROL bound to: 0 - type: integer 
	Parameter MEMORY_OPTIMIZATION bound to: true - type: string 
	Parameter CASCADE_HEIGHT bound to: 0 - type: integer 
	Parameter SIM_ASSERT_CHK bound to: 0 - type: integer 
	Parameter READ_DATA_WIDTH_A bound to: 8 - type: integer 
	Parameter ADDR_WIDTH_A bound to: 6 - type: integer 
	Parameter READ_RESET_VALUE_A bound to: 0 - type: string 
	Parameter READ_LATENCY_A bound to: 2 - type: integer 
	Parameter RST_MODE_A bound to: SYNC - type: string 
INFO: [Synth 8-3491] module 'xpm_memory_sprom' declared at '/opt/Xilinx/Vivado/2020.1/data/ip/xpm/xpm_memory/hdl/xpm_memory.sv:8727' bound to instance 'xpm_memory_sprom_inst' of component 'xpm_memory_sprom' [/home/sebastian/Desktop/Git/AdvancedProgrammableElectronics/Lab5/Lab5.srcs/sources_1/new/memory.vhd:25]
INFO: [Synth 8-6157] synthesizing module 'xpm_memory_sprom' [/opt/Xilinx/Vivado/2020.1/data/ip/xpm/xpm_memory/hdl/xpm_memory.sv:8727]
	Parameter MEMORY_SIZE bound to: 512 - type: integer 
	Parameter MEMORY_PRIMITIVE bound to: auto - type: string 
	Parameter ECC_MODE bound to: no_ecc - type: string 
	Parameter MEMORY_INIT_FILE bound to: string_file.mem - type: string 
	Parameter MEMORY_INIT_PARAM bound to: (null) - type: string 
	Parameter USE_MEM_INIT bound to: 1 - type: integer 
	Parameter USE_MEM_INIT_MMI bound to: 0 - type: integer 
	Parameter WAKEUP_TIME bound to: disable_sleep - type: string 
	Parameter AUTO_SLEEP_TIME bound to: 0 - type: integer 
	Parameter MESSAGE_CONTROL bound to: 0 - type: integer 
	Parameter MEMORY_OPTIMIZATION bound to: true - type: string 
	Parameter CASCADE_HEIGHT bound to: 0 - type: integer 
	Parameter SIM_ASSERT_CHK bound to: 0 - type: integer 
	Parameter READ_DATA_WIDTH_A bound to: 8 - type: integer 
	Parameter ADDR_WIDTH_A bound to: 6 - type: integer 
	Parameter READ_RESET_VALUE_A bound to: 0 - type: string 
	Parameter READ_LATENCY_A bound to: 2 - type: integer 
	Parameter RST_MODE_A bound to: SYNC - type: string 
	Parameter P_MEMORY_PRIMITIVE bound to: 0 - type: integer 
	Parameter P_CLOCKING_MODE bound to: 0 - type: integer 
	Parameter P_ECC_MODE bound to: 0 - type: integer 
	Parameter P_WAKEUP_TIME bound to: 0 - type: integer 
	Parameter P_MEMORY_OPTIMIZATION bound to: 1 - type: integer 
INFO: [Synth 8-6157] synthesizing module 'xpm_memory_base' [/opt/Xilinx/Vivado/2020.1/data/ip/xpm/xpm_memory/hdl/xpm_memory.sv:57]
	Parameter MEMORY_TYPE bound to: 3 - type: integer 
	Parameter MEMORY_SIZE bound to: 512 - type: integer 
	Parameter MEMORY_PRIMITIVE bound to: 0 - type: integer 
	Parameter CLOCKING_MODE bound to: 0 - type: integer 
	Parameter ECC_MODE bound to: 0 - type: integer 
	Parameter MEMORY_INIT_FILE bound to: string_file.mem - type: string 
	Parameter MEMORY_INIT_PARAM bound to: (null) - type: string 
	Parameter USE_MEM_INIT_MMI bound to: 0 - type: integer 
	Parameter USE_MEM_INIT bound to: 1 - type: integer 
	Parameter MEMORY_OPTIMIZATION bound to: true - type: string 
	Parameter WAKEUP_TIME bound to: 0 - type: integer 
	Parameter AUTO_SLEEP_TIME bound to: 0 - type: integer 
	Parameter MESSAGE_CONTROL bound to: 0 - type: integer 
	Parameter VERSION bound to: 0 - type: integer 
	Parameter USE_EMBEDDED_CONSTRAINT bound to: 0 - type: integer 
	Parameter CASCADE_HEIGHT bound to: 0 - type: integer 
	Parameter SIM_ASSERT_CHK bound to: 0 - type: integer 
	Parameter WRITE_PROTECT bound to: 1 - type: integer 
	Parameter WRITE_DATA_WIDTH_A bound to: 8 - type: integer 
	Parameter READ_DATA_WIDTH_A bound to: 8 - type: integer 
	Parameter BYTE_WRITE_WIDTH_A bound to: 8 - type: integer 
	Parameter ADDR_WIDTH_A bound to: 6 - type: integer 
	Parameter READ_RESET_VALUE_A bound to: 0 - type: string 
	Parameter READ_LATENCY_A bound to: 2 - type: integer 
	Parameter WRITE_MODE_A bound to: 1 - type: integer 
	Parameter RST_MODE_A bound to: SYNC - type: string 
	Parameter WRITE_DATA_WIDTH_B bound to: 8 - type: integer 
	Parameter READ_DATA_WIDTH_B bound to: 8 - type: integer 
	Parameter BYTE_WRITE_WIDTH_B bound to: 8 - type: integer 
	Parameter ADDR_WIDTH_B bound to: 6 - type: integer 
	Parameter READ_RESET_VALUE_B bound to: 0 - type: string 
	Parameter READ_LATENCY_B bound to: 2 - type: integer 
	Parameter WRITE_MODE_B bound to: 1 - type: integer 
	Parameter RST_MODE_B bound to: SYNC - type: string 
	Parameter P_MEMORY_PRIMITIVE bound to: auto - type: string 
	Parameter P_MIN_WIDTH_DATA_A bound to: 8 - type: integer 
	Parameter P_MIN_WIDTH_DATA_B bound to: 8 - type: integer 
	Parameter P_MIN_WIDTH_DATA bound to: 8 - type: integer 
	Parameter P_MIN_WIDTH_DATA_ECC bound to: 8 - type: integer 
	Parameter P_MAX_DEPTH_DATA bound to: 64 - type: integer 
	Parameter P_ECC_MODE bound to: no_ecc - type: string 
	Parameter P_MEMORY_OPT bound to: yes - type: string 
	Parameter P_WIDTH_COL_WRITE_A bound to: 8 - type: integer 
	Parameter P_WIDTH_COL_WRITE_B bound to: 8 - type: integer 
	Parameter P_NUM_COLS_WRITE_A bound to: 1 - type: integer 
	Parameter P_NUM_COLS_WRITE_B bound to: 1 - type: integer 
	Parameter P_NUM_ROWS_WRITE_A bound to: 1 - type: integer 
	Parameter P_NUM_ROWS_WRITE_B bound to: 1 - type: integer 
	Parameter P_NUM_ROWS_READ_A bound to: 1 - type: integer 
	Parameter P_NUM_ROWS_READ_B bound to: 1 - type: integer 
	Parameter P_WIDTH_ADDR_WRITE_A bound to: 6 - type: integer 
	Parameter P_WIDTH_ADDR_WRITE_B bound to: 6 - type: integer 
	Parameter P_WIDTH_ADDR_READ_A bound to: 6 - type: integer 
	Parameter P_WIDTH_ADDR_READ_B bound to: 6 - type: integer 
	Parameter P_WIDTH_ADDR_LSB_WRITE_A bound to: 0 - type: integer 
	Parameter P_WIDTH_ADDR_LSB_WRITE_B bound to: 0 - type: integer 
	Parameter P_WIDTH_ADDR_LSB_READ_A bound to: 0 - type: integer 
	Parameter P_WIDTH_ADDR_LSB_READ_B bound to: 0 - type: integer 
	Parameter P_ENABLE_BYTE_WRITE_A bound to: 0 - type: integer 
	Parameter P_ENABLE_BYTE_WRITE_B bound to: 0 - type: integer 
	Parameter P_SDP_WRITE_MODE bound to: yes - type: string 
	Parameter rsta_loop_iter bound to: 8 - type: integer 
	Parameter rstb_loop_iter bound to: 8 - type: integer 
	Parameter NUM_CHAR_LOC bound to: 0 - type: integer 
	Parameter MAX_NUM_CHAR bound to: 0 - type: integer 
	Parameter P_MIN_WIDTH_DATA_SHFT bound to: 8 - type: integer 
	Parameter P_MIN_WIDTH_DATA_LDW bound to: 4 - type: integer 
INFO: [Synth 8-6059] Synth Info: [XPM_MEMORY 20-1] MEMORY_PRIMITIVE (0) instructs Vivado Synthesis to choose the memory primitive type. Depending on their values, other XPM_MEMORY parameters may preclude the choice of certain memory primitive types. Review XPM_MEMORY documentation and parameter values to understand any limitations, or set MEMORY_PRIMITIVE to a different value.   [/opt/Xilinx/Vivado/2020.1/data/ip/xpm/xpm_memory/hdl/xpm_memory.sv:488]
INFO: [Synth 8-3876] $readmem data file 'string_file.mem' is read successfully [/opt/Xilinx/Vivado/2020.1/data/ip/xpm/xpm_memory/hdl/xpm_memory.sv:1104]
INFO: [Synth 8-6155] done synthesizing module 'xpm_memory_base' (4#1) [/opt/Xilinx/Vivado/2020.1/data/ip/xpm/xpm_memory/hdl/xpm_memory.sv:57]
INFO: [Synth 8-6155] done synthesizing module 'xpm_memory_sprom' (5#1) [/opt/Xilinx/Vivado/2020.1/data/ip/xpm/xpm_memory/hdl/xpm_memory.sv:8727]
INFO: [Synth 8-256] done synthesizing module 'memory' (6#1) [/home/sebastian/Desktop/Git/AdvancedProgrammableElectronics/Lab5/Lab5.srcs/sources_1/new/memory.vhd:17]
INFO: [Synth 8-3491] module 'mem_cntr' declared at '/home/sebastian/Desktop/Git/AdvancedProgrammableElectronics/Lab5/Lab5.srcs/sources_1/new/mem_cntr.vhd:6' bound to instance 'counter' of component 'mem_cntr' [/home/sebastian/Desktop/Git/AdvancedProgrammableElectronics/Lab5/Lab5.srcs/sources_1/imports/sources_1/new/lab4_top.vhd:103]
INFO: [Synth 8-638] synthesizing module 'mem_cntr' [/home/sebastian/Desktop/Git/AdvancedProgrammableElectronics/Lab5/Lab5.srcs/sources_1/new/mem_cntr.vhd:13]
WARNING: [Synth 8-614] signal 'RESET_I' is read in the process but is not in the sensitivity list [/home/sebastian/Desktop/Git/AdvancedProgrammableElectronics/Lab5/Lab5.srcs/sources_1/new/mem_cntr.vhd:24]
INFO: [Synth 8-256] done synthesizing module 'mem_cntr' (7#1) [/home/sebastian/Desktop/Git/AdvancedProgrammableElectronics/Lab5/Lab5.srcs/sources_1/new/mem_cntr.vhd:13]
INFO: [Synth 8-256] done synthesizing module 'lab5_top' (8#1) [/home/sebastian/Desktop/Git/AdvancedProgrammableElectronics/Lab5/Lab5.srcs/sources_1/imports/sources_1/new/lab4_top.vhd:11]
---------------------------------------------------------------------------------
Finished RTL Elaboration : Time (s): cpu = 00:00:05 ; elapsed = 00:00:06 . Memory (MB): peak = 2146.234 ; gain = 0.000 ; free physical = 7255 ; free virtual = 12525
---------------------------------------------------------------------------------
---------------------------------------------------------------------------------
Start Handling Custom Attributes
---------------------------------------------------------------------------------
---------------------------------------------------------------------------------
Finished Handling Custom Attributes : Time (s): cpu = 00:00:05 ; elapsed = 00:00:07 . Memory (MB): peak = 2146.234 ; gain = 0.000 ; free physical = 7251 ; free virtual = 12522
---------------------------------------------------------------------------------
---------------------------------------------------------------------------------
Finished RTL Optimization Phase 1 : Time (s): cpu = 00:00:05 ; elapsed = 00:00:07 . Memory (MB): peak = 2146.234 ; gain = 0.000 ; free physical = 7251 ; free virtual = 12522
---------------------------------------------------------------------------------
Netlist sorting complete. Time (s): cpu = 00:00:00 ; elapsed = 00:00:00 . Memory (MB): peak = 2146.234 ; gain = 0.000 ; free physical = 7241 ; free virtual = 12512
INFO: [Netlist 29-17] Analyzing 1 Unisim elements for replacement
INFO: [Netlist 29-28] Unisim Transformation completed in 0 CPU seconds
INFO: [Project 1-570] Preparing netlist for logic optimization

Processing XDC Constraints
Initializing timing engine
Parsing XDC File [/home/sebastian/Desktop/Git/AdvancedProgrammableElectronics/Lab5/Lab5.srcs/constrs_1/imports/new/lab4.xdc]
Finished Parsing XDC File [/home/sebastian/Desktop/Git/AdvancedProgrammableElectronics/Lab5/Lab5.srcs/constrs_1/imports/new/lab4.xdc]
INFO: [Project 1-236] Implementation specific constraints were found while reading constraint file [/home/sebastian/Desktop/Git/AdvancedProgrammableElectronics/Lab5/Lab5.srcs/constrs_1/imports/new/lab4.xdc]. These constraints will be ignored for synthesis but will be used in implementation. Impacted constraints are listed in the file [.Xil/lab5_top_propImpl.xdc].
Resolution: To avoid this warning, move constraints listed in [.Xil/lab5_top_propImpl.xdc] to another XDC file and exclude this new file from synthesis with the used_in_synthesis property (File Properties dialog in GUI) and re-run elaboration/synthesis.
INFO: [Timing 38-2] Deriving generated clocks
Completed Processing XDC Constraints

Netlist sorting complete. Time (s): cpu = 00:00:00 ; elapsed = 00:00:00 . Memory (MB): peak = 2274.949 ; gain = 0.000 ; free physical = 7314 ; free virtual = 12599
INFO: [Project 1-111] Unisim Transformation Summary:
  A total of 1 instances were transformed.
  MMCME2_BASE => MMCME2_ADV: 1 instance 

Constraint Validation Runtime : Time (s): cpu = 00:00:00 ; elapsed = 00:00:00 . Memory (MB): peak = 2274.949 ; gain = 0.000 ; free physical = 7314 ; free virtual = 12599
---------------------------------------------------------------------------------
Finished Constraint Validation : Time (s): cpu = 00:00:11 ; elapsed = 00:00:14 . Memory (MB): peak = 2274.949 ; gain = 128.715 ; free physical = 7388 ; free virtual = 12674
---------------------------------------------------------------------------------
---------------------------------------------------------------------------------
Start Loading Part and Timing Information
---------------------------------------------------------------------------------
Loading part: xc7a15tcpg236-1
---------------------------------------------------------------------------------
Finished Loading Part and Timing Information : Time (s): cpu = 00:00:11 ; elapsed = 00:00:14 . Memory (MB): peak = 2274.949 ; gain = 128.715 ; free physical = 7388 ; free virtual = 12674
---------------------------------------------------------------------------------
---------------------------------------------------------------------------------
Start Applying 'set_property' XDC Constraints
---------------------------------------------------------------------------------
---------------------------------------------------------------------------------
Finished applying 'set_property' XDC Constraints : Time (s): cpu = 00:00:11 ; elapsed = 00:00:14 . Memory (MB): peak = 2274.949 ; gain = 128.715 ; free physical = 7388 ; free virtual = 12674
---------------------------------------------------------------------------------
INFO: [Synth 8-802] inferred FSM for state register 'state_reg' in module 'uart_tx'
INFO: [Synth 8-802] inferred FSM for state register 'state_reg' in module 'uart_rx'
---------------------------------------------------------------------------------------------------
                   State |                     New Encoding |                Previous Encoding 
---------------------------------------------------------------------------------------------------
                    stop |                       0000000001 |                             0000
                   start |                       0000000010 |                             0001
                    bit0 |                       0000000100 |                             0010
                    bit1 |                       0000001000 |                             0011
                    bit2 |                       0000010000 |                             0100
                    bit3 |                       0000100000 |                             0101
                    bit4 |                       0001000000 |                             0110
                    bit5 |                       0010000000 |                             0111
                    bit6 |                       0100000000 |                             1000
                    bit7 |                       1000000000 |                             1001
---------------------------------------------------------------------------------------------------
INFO: [Synth 8-3354] encoded FSM with state register 'state_reg' using encoding 'one-hot' in module 'uart_tx'
---------------------------------------------------------------------------------------------------
                   State |                     New Encoding |                Previous Encoding 
---------------------------------------------------------------------------------------------------
                    idle |                             0000 |                             0000
                   start |                             0001 |                             0010
                    bit0 |                             0010 |                             0011
                    bit1 |                             0011 |                             0100
                    bit2 |                             0100 |                             0101
                    bit3 |                             0101 |                             0110
                    bit4 |                             0110 |                             0111
                    bit5 |                             0111 |                             1000
                    bit6 |                             1000 |                             1001
                    bit7 |                             1001 |                             1010
                    stop |                             1010 |                             0001
---------------------------------------------------------------------------------------------------
INFO: [Synth 8-3354] encoded FSM with state register 'state_reg' using encoding 'sequential' in module 'uart_rx'
---------------------------------------------------------------------------------
Finished RTL Optimization Phase 2 : Time (s): cpu = 00:00:12 ; elapsed = 00:00:14 . Memory (MB): peak = 2274.949 ; gain = 128.715 ; free physical = 7380 ; free virtual = 12666
---------------------------------------------------------------------------------
---------------------------------------------------------------------------------
Start RTL Component Statistics 
---------------------------------------------------------------------------------
Detailed RTL Component Info : 
+---Adders : 
	   2 Input    5 Bit       Adders := 1     
	   2 Input    4 Bit       Adders := 2     
+---Registers : 
	                8 Bit    Registers := 4     
	                5 Bit    Registers := 1     
	                4 Bit    Registers := 2     
	                1 Bit    Registers := 1     
+---Muxes : 
	  11 Input    8 Bit        Muxes := 2     
	   2 Input    8 Bit        Muxes := 2     
	   2 Input    4 Bit        Muxes := 3     
	   3 Input    4 Bit        Muxes := 1     
	  12 Input    4 Bit        Muxes := 1     
	   2 Input    1 Bit        Muxes := 9     
	  10 Input    1 Bit        Muxes := 2     
	  11 Input    1 Bit        Muxes := 2     
---------------------------------------------------------------------------------
Finished RTL Component Statistics 
---------------------------------------------------------------------------------
---------------------------------------------------------------------------------
Start Part Resource Summary
---------------------------------------------------------------------------------
Part Resources:
DSPs: 45 (col length:60)
BRAMs: 50 (col length: RAMB18 60 RAMB36 30)
---------------------------------------------------------------------------------
Finished Part Resource Summary
---------------------------------------------------------------------------------
---------------------------------------------------------------------------------
Start Cross Boundary and Area Optimization
---------------------------------------------------------------------------------
---------------------------------------------------------------------------------
Finished Cross Boundary and Area Optimization : Time (s): cpu = 00:00:12 ; elapsed = 00:00:15 . Memory (MB): peak = 2274.949 ; gain = 128.715 ; free physical = 7369 ; free virtual = 12658
---------------------------------------------------------------------------------
---------------------------------------------------------------------------------
Start ROM, RAM, DSP and Shift Register Reporting
---------------------------------------------------------------------------------

ROM: Preliminary Mapping	Report
+----------------+------------+---------------+----------------+
|Module Name     | RTL Object | Depth x Width | Implemented As | 
+----------------+------------+---------------+----------------+
|xpm_memory_base | p_0_out    | 64x8          | LUT            | 
|xpm_memory_base | p_0_out    | 64x8          | LUT            | 
+----------------+------------+---------------+----------------+

---------------------------------------------------------------------------------
Finished ROM, RAM, DSP and Shift Register Reporting
---------------------------------------------------------------------------------
---------------------------------------------------------------------------------
Start Applying XDC Timing Constraints
---------------------------------------------------------------------------------
---------------------------------------------------------------------------------
Finished Applying XDC Timing Constraints : Time (s): cpu = 00:00:18 ; elapsed = 00:00:21 . Memory (MB): peak = 2274.949 ; gain = 128.715 ; free physical = 7253 ; free virtual = 12542
---------------------------------------------------------------------------------
---------------------------------------------------------------------------------
Start Timing Optimization
---------------------------------------------------------------------------------
---------------------------------------------------------------------------------
Finished Timing Optimization : Time (s): cpu = 00:00:18 ; elapsed = 00:00:21 . Memory (MB): peak = 2274.949 ; gain = 128.715 ; free physical = 7251 ; free virtual = 12540
---------------------------------------------------------------------------------
---------------------------------------------------------------------------------
Start Technology Mapping
---------------------------------------------------------------------------------
---------------------------------------------------------------------------------
Finished Technology Mapping : Time (s): cpu = 00:00:18 ; elapsed = 00:00:21 . Memory (MB): peak = 2274.949 ; gain = 128.715 ; free physical = 7251 ; free virtual = 12540
---------------------------------------------------------------------------------
---------------------------------------------------------------------------------
Start IO Insertion
---------------------------------------------------------------------------------
---------------------------------------------------------------------------------
Start Flattening Before IO Insertion
---------------------------------------------------------------------------------
---------------------------------------------------------------------------------
Finished Flattening Before IO Insertion
---------------------------------------------------------------------------------
---------------------------------------------------------------------------------
Start Final Netlist Cleanup
---------------------------------------------------------------------------------
---------------------------------------------------------------------------------
Finished Final Netlist Cleanup
---------------------------------------------------------------------------------
---------------------------------------------------------------------------------
Finished IO Insertion : Time (s): cpu = 00:00:21 ; elapsed = 00:00:24 . Memory (MB): peak = 2274.949 ; gain = 128.715 ; free physical = 7251 ; free virtual = 12540
---------------------------------------------------------------------------------
---------------------------------------------------------------------------------
Start Renaming Generated Instances
---------------------------------------------------------------------------------
---------------------------------------------------------------------------------
Finished Renaming Generated Instances : Time (s): cpu = 00:00:21 ; elapsed = 00:00:24 . Memory (MB): peak = 2274.949 ; gain = 128.715 ; free physical = 7251 ; free virtual = 12540
---------------------------------------------------------------------------------
---------------------------------------------------------------------------------
Start Rebuilding User Hierarchy
---------------------------------------------------------------------------------
---------------------------------------------------------------------------------
Finished Rebuilding User Hierarchy : Time (s): cpu = 00:00:21 ; elapsed = 00:00:24 . Memory (MB): peak = 2274.949 ; gain = 128.715 ; free physical = 7251 ; free virtual = 12540
---------------------------------------------------------------------------------
---------------------------------------------------------------------------------
Start Renaming Generated Ports
---------------------------------------------------------------------------------
---------------------------------------------------------------------------------
Finished Renaming Generated Ports : Time (s): cpu = 00:00:21 ; elapsed = 00:00:24 . Memory (MB): peak = 2274.949 ; gain = 128.715 ; free physical = 7251 ; free virtual = 12540
---------------------------------------------------------------------------------
---------------------------------------------------------------------------------
Start Handling Custom Attributes
---------------------------------------------------------------------------------
---------------------------------------------------------------------------------
Finished Handling Custom Attributes : Time (s): cpu = 00:00:21 ; elapsed = 00:00:24 . Memory (MB): peak = 2274.949 ; gain = 128.715 ; free physical = 7251 ; free virtual = 12540
---------------------------------------------------------------------------------
---------------------------------------------------------------------------------
Start Renaming Generated Nets
---------------------------------------------------------------------------------
---------------------------------------------------------------------------------
Finished Renaming Generated Nets : Time (s): cpu = 00:00:21 ; elapsed = 00:00:24 . Memory (MB): peak = 2274.949 ; gain = 128.715 ; free physical = 7251 ; free virtual = 12540
---------------------------------------------------------------------------------
---------------------------------------------------------------------------------
Start Writing Synthesis Report
---------------------------------------------------------------------------------

Report BlackBoxes: 
+-+--------------+----------+
| |BlackBox name |Instances |
+-+--------------+----------+
+-+--------------+----------+

Report Cell Usage: 
+------+------------+------+
|      |Cell        |Count |
+------+------------+------+
|1     |LUT1        |     3|
|2     |LUT2        |     5|
|3     |LUT3        |     3|
|4     |LUT4        |    16|
|5     |LUT5        |     2|
|6     |LUT6        |    12|
|7     |MMCME2_BASE |     1|
|8     |FDCE        |     2|
|9     |FDPE        |     2|
|10    |FDRE        |    40|
|11    |IBUF        |     2|
|12    |OBUF        |     1|
|13    |OBUFT       |     7|
+------+------------+------+
---------------------------------------------------------------------------------
Finished Writing Synthesis Report : Time (s): cpu = 00:00:21 ; elapsed = 00:00:24 . Memory (MB): peak = 2274.949 ; gain = 128.715 ; free physical = 7251 ; free virtual = 12540
---------------------------------------------------------------------------------
Synthesis finished with 0 errors, 0 critical warnings and 0 warnings.
Synthesis Optimization Runtime : Time (s): cpu = 00:00:19 ; elapsed = 00:00:22 . Memory (MB): peak = 2274.949 ; gain = 0.000 ; free physical = 7305 ; free virtual = 12594
Synthesis Optimization Complete : Time (s): cpu = 00:00:21 ; elapsed = 00:00:24 . Memory (MB): peak = 2274.949 ; gain = 128.715 ; free physical = 7304 ; free virtual = 12594
INFO: [Project 1-571] Translating synthesized netlist
Netlist sorting complete. Time (s): cpu = 00:00:00 ; elapsed = 00:00:00 . Memory (MB): peak = 2274.949 ; gain = 0.000 ; free physical = 7298 ; free virtual = 12587
INFO: [Netlist 29-17] Analyzing 1 Unisim elements for replacement
INFO: [Netlist 29-28] Unisim Transformation completed in 0 CPU seconds
INFO: [Project 1-570] Preparing netlist for logic optimization
INFO: [Opt 31-138] Pushed 0 inverter(s) to 0 load pin(s).
Netlist sorting complete. Time (s): cpu = 00:00:00 ; elapsed = 00:00:00 . Memory (MB): peak = 2277.918 ; gain = 0.000 ; free physical = 7322 ; free virtual = 12611
INFO: [Project 1-111] Unisim Transformation Summary:
  A total of 1 instances were transformed.
  MMCME2_BASE => MMCME2_ADV: 1 instance 

INFO: [Common 17-83] Releasing license: Synthesis
47 Infos, 3 Warnings, 0 Critical Warnings and 0 Errors encountered.
synth_design completed successfully
synth_design: Time (s): cpu = 00:00:30 ; elapsed = 00:00:30 . Memory (MB): peak = 2277.918 ; gain = 131.781 ; free physical = 7462 ; free virtual = 12752
INFO: [Common 17-1381] The checkpoint '/home/sebastian/Desktop/Git/AdvancedProgrammableElectronics/Lab5/Lab5.runs/synth_1/lab5_top.dcp' has been generated.
INFO: [runtcl-4] Executing : report_utilization -file lab5_top_utilization_synth.rpt -pb lab5_top_utilization_synth.pb
INFO: [Common 17-206] Exiting Vivado at Mon Mar 14 20:20:30 2022...
