Copyright 1986-2020 Xilinx, Inc. All Rights Reserved.
--------------------------------------------------------------------------------------------------------------------------------------------------------------
| Tool Version : Vivado v.2020.1 (lin64) Build 2902540 Wed May 27 19:54:35 MDT 2020
| Date         : Tue Mar  1 14:57:55 2022
| Host         : Ubuntu-ZBook-15-G2 running 64-bit Ubuntu 18.04.6 LTS
| Command      : report_methodology -file lab4_top_methodology_drc_routed.rpt -pb lab4_top_methodology_drc_routed.pb -rpx lab4_top_methodology_drc_routed.rpx
| Design       : lab4_top
| Device       : xc7a15tcpg236-1
| Speed File   : -1
| Design State : Fully Routed
--------------------------------------------------------------------------------------------------------------------------------------------------------------

Report Methodology

Table of Contents
-----------------
1. REPORT SUMMARY
2. REPORT DETAILS

1. REPORT SUMMARY
-----------------
            Netlist: netlist
          Floorplan: design_1
      Design limits: <entire design considered>
             Max violations: <unlimited>
             Violations found: 7
+-----------+----------+-------------------+------------+
| Rule      | Severity | Description       | Violations |
+-----------+----------+-------------------+------------+
| TIMING-20 | Warning  | Non-clocked latch | 7          |
+-----------+----------+-------------------+------------+

2. REPORT DETAILS
-----------------
TIMING-20#1 Warning
Non-clocked latch  
The latch rx_slave/DATA_reg[0] cannot be properly analyzed as its control pin rx_slave/DATA_reg[0]/G is not reached by a timing clock
Related violations: <none>

TIMING-20#2 Warning
Non-clocked latch  
The latch rx_slave/DATA_reg[1] cannot be properly analyzed as its control pin rx_slave/DATA_reg[1]/G is not reached by a timing clock
Related violations: <none>

TIMING-20#3 Warning
Non-clocked latch  
The latch rx_slave/DATA_reg[2] cannot be properly analyzed as its control pin rx_slave/DATA_reg[2]/G is not reached by a timing clock
Related violations: <none>

TIMING-20#4 Warning
Non-clocked latch  
The latch rx_slave/DATA_reg[3] cannot be properly analyzed as its control pin rx_slave/DATA_reg[3]/G is not reached by a timing clock
Related violations: <none>

TIMING-20#5 Warning
Non-clocked latch  
The latch rx_slave/DATA_reg[4] cannot be properly analyzed as its control pin rx_slave/DATA_reg[4]/G is not reached by a timing clock
Related violations: <none>

TIMING-20#6 Warning
Non-clocked latch  
The latch rx_slave/DATA_reg[5] cannot be properly analyzed as its control pin rx_slave/DATA_reg[5]/G is not reached by a timing clock
Related violations: <none>

TIMING-20#7 Warning
Non-clocked latch  
The latch rx_slave/DATA_reg[6] cannot be properly analyzed as its control pin rx_slave/DATA_reg[6]/G is not reached by a timing clock
Related violations: <none>


