Copyright 1986-2020 Xilinx, Inc. All Rights Reserved.
-----------------------------------------------------------------------------------------------------------------------------------------------
| Tool Version : Vivado v.2020.1 (lin64) Build 2902540 Wed May 27 19:54:35 MDT 2020
| Date         : Tue Apr  5 09:10:13 2022
| Host         : Ubuntu-ZBook-15-G2 running 64-bit Ubuntu 18.04.6 LTS
| Command      : report_methodology -file top_methodology_drc_routed.rpt -pb top_methodology_drc_routed.pb -rpx top_methodology_drc_routed.rpx
| Design       : top
| Device       : xc7a15tcpg236-1
| Speed File   : -1
| Design State : Fully Routed
-----------------------------------------------------------------------------------------------------------------------------------------------

Report Methodology

Table of Contents
-----------------
1. REPORT SUMMARY
2. REPORT DETAILS

1. REPORT SUMMARY
-----------------
            Netlist: netlist
          Floorplan: design_1
      Design limits: <entire design considered>
             Max violations: <unlimited>
             Violations found: 46
+-----------+----------+-------------------------------+------------+
| Rule      | Severity | Description                   | Violations |
+-----------+----------+-------------------------------+------------+
| TIMING-16 | Warning  | Large setup violation         | 42         |
| TIMING-18 | Warning  | Missing input or output delay | 4          |
+-----------+----------+-------------------------------+------------+

2. REPORT DETAILS
-----------------
TIMING-16#1 Warning
Large setup violation  
There is a large setup violation of -1.338 ns between count_reg[27]/C (clocked by sys_clk_pin) and dvid_1/TDMS_encoder_blue/e_reg[8]/D (clocked by clock_pixel_unbuffered). Large setup violations at the end of those stages might be difficult to fix during the post-placement implementation flow and could be the result of non-optimal XDC constraints or non-optimal design architecture
Related violations: <none>

TIMING-16#2 Warning
Large setup violation  
There is a large setup violation of -3.431 ns between count_reg[21]/C (clocked by sys_clk_pin) and dvid_1/TDMS_encoder_red/e_reg[8]/D (clocked by clock_pixel_unbuffered). Large setup violations at the end of those stages might be difficult to fix during the post-placement implementation flow and could be the result of non-optimal XDC constraints or non-optimal design architecture
Related violations: <none>

TIMING-16#3 Warning
Large setup violation  
There is a large setup violation of -3.503 ns between count_reg[21]/C (clocked by sys_clk_pin) and dvid_1/TDMS_encoder_green/e_reg[8]/D (clocked by clock_pixel_unbuffered). Large setup violations at the end of those stages might be difficult to fix during the post-placement implementation flow and could be the result of non-optimal XDC constraints or non-optimal design architecture
Related violations: <none>

TIMING-16#4 Warning
Large setup violation  
There is a large setup violation of -6.687 ns between count_reg[27]/C (clocked by sys_clk_pin) and dvid_1/TDMS_encoder_blue/e_reg[7]/D (clocked by clock_pixel_unbuffered). Large setup violations at the end of those stages might be difficult to fix during the post-placement implementation flow and could be the result of non-optimal XDC constraints or non-optimal design architecture
Related violations: <none>

TIMING-16#5 Warning
Large setup violation  
There is a large setup violation of -6.692 ns between count_reg[27]/C (clocked by sys_clk_pin) and dvid_1/TDMS_encoder_blue/e_reg[5]/D (clocked by clock_pixel_unbuffered). Large setup violations at the end of those stages might be difficult to fix during the post-placement implementation flow and could be the result of non-optimal XDC constraints or non-optimal design architecture
Related violations: <none>

TIMING-16#6 Warning
Large setup violation  
There is a large setup violation of -6.693 ns between count_reg[21]/C (clocked by sys_clk_pin) and dvid_1/TDMS_encoder_green/e_reg[1]/D (clocked by clock_pixel_unbuffered). Large setup violations at the end of those stages might be difficult to fix during the post-placement implementation flow and could be the result of non-optimal XDC constraints or non-optimal design architecture
Related violations: <none>

TIMING-16#7 Warning
Large setup violation  
There is a large setup violation of -6.723 ns between count_reg[21]/C (clocked by sys_clk_pin) and dvid_1/TDMS_encoder_green/e_reg[2]/D (clocked by clock_pixel_unbuffered). Large setup violations at the end of those stages might be difficult to fix during the post-placement implementation flow and could be the result of non-optimal XDC constraints or non-optimal design architecture
Related violations: <none>

TIMING-16#8 Warning
Large setup violation  
There is a large setup violation of -6.727 ns between count_reg[21]/C (clocked by sys_clk_pin) and dvid_1/TDMS_encoder_green/e_reg[7]/D (clocked by clock_pixel_unbuffered). Large setup violations at the end of those stages might be difficult to fix during the post-placement implementation flow and could be the result of non-optimal XDC constraints or non-optimal design architecture
Related violations: <none>

TIMING-16#9 Warning
Large setup violation  
There is a large setup violation of -6.728 ns between count_reg[21]/C (clocked by sys_clk_pin) and dvid_1/TDMS_encoder_green/dc_bias_reg[3]/D (clocked by clock_pixel_unbuffered). Large setup violations at the end of those stages might be difficult to fix during the post-placement implementation flow and could be the result of non-optimal XDC constraints or non-optimal design architecture
Related violations: <none>

TIMING-16#10 Warning
Large setup violation  
There is a large setup violation of -6.741 ns between count_reg[21]/C (clocked by sys_clk_pin) and dvid_1/TDMS_encoder_green/e_reg[0]/D (clocked by clock_pixel_unbuffered). Large setup violations at the end of those stages might be difficult to fix during the post-placement implementation flow and could be the result of non-optimal XDC constraints or non-optimal design architecture
Related violations: <none>

TIMING-16#11 Warning
Large setup violation  
There is a large setup violation of -6.777 ns between count_reg[21]/C (clocked by sys_clk_pin) and dvid_1/TDMS_encoder_green/e_reg[6]/D (clocked by clock_pixel_unbuffered). Large setup violations at the end of those stages might be difficult to fix during the post-placement implementation flow and could be the result of non-optimal XDC constraints or non-optimal design architecture
Related violations: <none>

TIMING-16#12 Warning
Large setup violation  
There is a large setup violation of -6.798 ns between count_reg[27]/C (clocked by sys_clk_pin) and dvid_1/TDMS_encoder_blue/e_reg[9]/D (clocked by clock_pixel_unbuffered). Large setup violations at the end of those stages might be difficult to fix during the post-placement implementation flow and could be the result of non-optimal XDC constraints or non-optimal design architecture
Related violations: <none>

TIMING-16#13 Warning
Large setup violation  
There is a large setup violation of -6.826 ns between count_reg[27]/C (clocked by sys_clk_pin) and dvid_1/TDMS_encoder_blue/e_reg[3]/D (clocked by clock_pixel_unbuffered). Large setup violations at the end of those stages might be difficult to fix during the post-placement implementation flow and could be the result of non-optimal XDC constraints or non-optimal design architecture
Related violations: <none>

TIMING-16#14 Warning
Large setup violation  
There is a large setup violation of -6.832 ns between count_reg[21]/C (clocked by sys_clk_pin) and dvid_1/TDMS_encoder_red/dc_bias_reg[0]/D (clocked by clock_pixel_unbuffered). Large setup violations at the end of those stages might be difficult to fix during the post-placement implementation flow and could be the result of non-optimal XDC constraints or non-optimal design architecture
Related violations: <none>

TIMING-16#15 Warning
Large setup violation  
There is a large setup violation of -6.834 ns between count_reg[21]/C (clocked by sys_clk_pin) and dvid_1/TDMS_encoder_green/e_reg[5]/D (clocked by clock_pixel_unbuffered). Large setup violations at the end of those stages might be difficult to fix during the post-placement implementation flow and could be the result of non-optimal XDC constraints or non-optimal design architecture
Related violations: <none>

TIMING-16#16 Warning
Large setup violation  
There is a large setup violation of -6.835 ns between count_reg[21]/C (clocked by sys_clk_pin) and dvid_1/TDMS_encoder_green/e_reg[9]/D (clocked by clock_pixel_unbuffered). Large setup violations at the end of those stages might be difficult to fix during the post-placement implementation flow and could be the result of non-optimal XDC constraints or non-optimal design architecture
Related violations: <none>

TIMING-16#17 Warning
Large setup violation  
There is a large setup violation of -6.865 ns between count_reg[21]/C (clocked by sys_clk_pin) and dvid_1/TDMS_encoder_green/dc_bias_reg[2]/D (clocked by clock_pixel_unbuffered). Large setup violations at the end of those stages might be difficult to fix during the post-placement implementation flow and could be the result of non-optimal XDC constraints or non-optimal design architecture
Related violations: <none>

TIMING-16#18 Warning
Large setup violation  
There is a large setup violation of -6.884 ns between count_reg[27]/C (clocked by sys_clk_pin) and dvid_1/TDMS_encoder_blue/dc_bias_reg[1]/D (clocked by clock_pixel_unbuffered). Large setup violations at the end of those stages might be difficult to fix during the post-placement implementation flow and could be the result of non-optimal XDC constraints or non-optimal design architecture
Related violations: <none>

TIMING-16#19 Warning
Large setup violation  
There is a large setup violation of -6.886 ns between count_reg[21]/C (clocked by sys_clk_pin) and dvid_1/TDMS_encoder_green/e_reg[4]/D (clocked by clock_pixel_unbuffered). Large setup violations at the end of those stages might be difficult to fix during the post-placement implementation flow and could be the result of non-optimal XDC constraints or non-optimal design architecture
Related violations: <none>

TIMING-16#20 Warning
Large setup violation  
There is a large setup violation of -6.907 ns between count_reg[21]/C (clocked by sys_clk_pin) and dvid_1/TDMS_encoder_green/dc_bias_reg[0]/D (clocked by clock_pixel_unbuffered). Large setup violations at the end of those stages might be difficult to fix during the post-placement implementation flow and could be the result of non-optimal XDC constraints or non-optimal design architecture
Related violations: <none>

TIMING-16#21 Warning
Large setup violation  
There is a large setup violation of -6.909 ns between count_reg[21]/C (clocked by sys_clk_pin) and dvid_1/TDMS_encoder_green/e_reg[3]/D (clocked by clock_pixel_unbuffered). Large setup violations at the end of those stages might be difficult to fix during the post-placement implementation flow and could be the result of non-optimal XDC constraints or non-optimal design architecture
Related violations: <none>

TIMING-16#22 Warning
Large setup violation  
There is a large setup violation of -6.925 ns between count_reg[21]/C (clocked by sys_clk_pin) and dvid_1/TDMS_encoder_red/e_reg[9]/D (clocked by clock_pixel_unbuffered). Large setup violations at the end of those stages might be difficult to fix during the post-placement implementation flow and could be the result of non-optimal XDC constraints or non-optimal design architecture
Related violations: <none>

TIMING-16#23 Warning
Large setup violation  
There is a large setup violation of -6.942 ns between count_reg[27]/C (clocked by sys_clk_pin) and dvid_1/TDMS_encoder_blue/dc_bias_reg[0]/D (clocked by clock_pixel_unbuffered). Large setup violations at the end of those stages might be difficult to fix during the post-placement implementation flow and could be the result of non-optimal XDC constraints or non-optimal design architecture
Related violations: <none>

TIMING-16#24 Warning
Large setup violation  
There is a large setup violation of -6.951 ns between count_reg[27]/C (clocked by sys_clk_pin) and dvid_1/TDMS_encoder_blue/e_reg[1]/D (clocked by clock_pixel_unbuffered). Large setup violations at the end of those stages might be difficult to fix during the post-placement implementation flow and could be the result of non-optimal XDC constraints or non-optimal design architecture
Related violations: <none>

TIMING-16#25 Warning
Large setup violation  
There is a large setup violation of -6.968 ns between count_reg[21]/C (clocked by sys_clk_pin) and dvid_1/TDMS_encoder_red/dc_bias_reg[1]/D (clocked by clock_pixel_unbuffered). Large setup violations at the end of those stages might be difficult to fix during the post-placement implementation flow and could be the result of non-optimal XDC constraints or non-optimal design architecture
Related violations: <none>

TIMING-16#26 Warning
Large setup violation  
There is a large setup violation of -6.971 ns between count_reg[21]/C (clocked by sys_clk_pin) and dvid_1/TDMS_encoder_red/e_reg[5]/D (clocked by clock_pixel_unbuffered). Large setup violations at the end of those stages might be difficult to fix during the post-placement implementation flow and could be the result of non-optimal XDC constraints or non-optimal design architecture
Related violations: <none>

TIMING-16#27 Warning
Large setup violation  
There is a large setup violation of -6.980 ns between count_reg[21]/C (clocked by sys_clk_pin) and dvid_1/TDMS_encoder_red/e_reg[2]/D (clocked by clock_pixel_unbuffered). Large setup violations at the end of those stages might be difficult to fix during the post-placement implementation flow and could be the result of non-optimal XDC constraints or non-optimal design architecture
Related violations: <none>

TIMING-16#28 Warning
Large setup violation  
There is a large setup violation of -7.006 ns between count_reg[21]/C (clocked by sys_clk_pin) and dvid_1/TDMS_encoder_red/e_reg[7]/D (clocked by clock_pixel_unbuffered). Large setup violations at the end of those stages might be difficult to fix during the post-placement implementation flow and could be the result of non-optimal XDC constraints or non-optimal design architecture
Related violations: <none>

TIMING-16#29 Warning
Large setup violation  
There is a large setup violation of -7.017 ns between count_reg[21]/C (clocked by sys_clk_pin) and dvid_1/TDMS_encoder_red/e_reg[1]/D (clocked by clock_pixel_unbuffered). Large setup violations at the end of those stages might be difficult to fix during the post-placement implementation flow and could be the result of non-optimal XDC constraints or non-optimal design architecture
Related violations: <none>

TIMING-16#30 Warning
Large setup violation  
There is a large setup violation of -7.022 ns between count_reg[21]/C (clocked by sys_clk_pin) and dvid_1/TDMS_encoder_red/e_reg[6]/D (clocked by clock_pixel_unbuffered). Large setup violations at the end of those stages might be difficult to fix during the post-placement implementation flow and could be the result of non-optimal XDC constraints or non-optimal design architecture
Related violations: <none>

TIMING-16#31 Warning
Large setup violation  
There is a large setup violation of -7.033 ns between count_reg[21]/C (clocked by sys_clk_pin) and dvid_1/TDMS_encoder_red/e_reg[0]/D (clocked by clock_pixel_unbuffered). Large setup violations at the end of those stages might be difficult to fix during the post-placement implementation flow and could be the result of non-optimal XDC constraints or non-optimal design architecture
Related violations: <none>

TIMING-16#32 Warning
Large setup violation  
There is a large setup violation of -7.039 ns between count_reg[21]/C (clocked by sys_clk_pin) and dvid_1/TDMS_encoder_red/e_reg[4]/D (clocked by clock_pixel_unbuffered). Large setup violations at the end of those stages might be difficult to fix during the post-placement implementation flow and could be the result of non-optimal XDC constraints or non-optimal design architecture
Related violations: <none>

TIMING-16#33 Warning
Large setup violation  
There is a large setup violation of -7.048 ns between count_reg[21]/C (clocked by sys_clk_pin) and dvid_1/TDMS_encoder_green/dc_bias_reg[1]/D (clocked by clock_pixel_unbuffered). Large setup violations at the end of those stages might be difficult to fix during the post-placement implementation flow and could be the result of non-optimal XDC constraints or non-optimal design architecture
Related violations: <none>

TIMING-16#34 Warning
Large setup violation  
There is a large setup violation of -7.066 ns between count_reg[21]/C (clocked by sys_clk_pin) and dvid_1/TDMS_encoder_red/dc_bias_reg[2]/D (clocked by clock_pixel_unbuffered). Large setup violations at the end of those stages might be difficult to fix during the post-placement implementation flow and could be the result of non-optimal XDC constraints or non-optimal design architecture
Related violations: <none>

TIMING-16#35 Warning
Large setup violation  
There is a large setup violation of -7.091 ns between count_reg[21]/C (clocked by sys_clk_pin) and dvid_1/TDMS_encoder_red/e_reg[3]/D (clocked by clock_pixel_unbuffered). Large setup violations at the end of those stages might be difficult to fix during the post-placement implementation flow and could be the result of non-optimal XDC constraints or non-optimal design architecture
Related violations: <none>

TIMING-16#36 Warning
Large setup violation  
There is a large setup violation of -7.116 ns between count_reg[27]/C (clocked by sys_clk_pin) and dvid_1/TDMS_encoder_blue/dc_bias_reg[3]/D (clocked by clock_pixel_unbuffered). Large setup violations at the end of those stages might be difficult to fix during the post-placement implementation flow and could be the result of non-optimal XDC constraints or non-optimal design architecture
Related violations: <none>

TIMING-16#37 Warning
Large setup violation  
There is a large setup violation of -7.150 ns between count_reg[21]/C (clocked by sys_clk_pin) and dvid_1/TDMS_encoder_red/dc_bias_reg[3]/D (clocked by clock_pixel_unbuffered). Large setup violations at the end of those stages might be difficult to fix during the post-placement implementation flow and could be the result of non-optimal XDC constraints or non-optimal design architecture
Related violations: <none>

TIMING-16#38 Warning
Large setup violation  
There is a large setup violation of -7.563 ns between count_reg[27]/C (clocked by sys_clk_pin) and dvid_1/TDMS_encoder_blue/e_reg[2]/D (clocked by clock_pixel_unbuffered). Large setup violations at the end of those stages might be difficult to fix during the post-placement implementation flow and could be the result of non-optimal XDC constraints or non-optimal design architecture
Related violations: <none>

TIMING-16#39 Warning
Large setup violation  
There is a large setup violation of -7.564 ns between count_reg[27]/C (clocked by sys_clk_pin) and dvid_1/TDMS_encoder_blue/e_reg[4]/D (clocked by clock_pixel_unbuffered). Large setup violations at the end of those stages might be difficult to fix during the post-placement implementation flow and could be the result of non-optimal XDC constraints or non-optimal design architecture
Related violations: <none>

TIMING-16#40 Warning
Large setup violation  
There is a large setup violation of -7.638 ns between count_reg[27]/C (clocked by sys_clk_pin) and dvid_1/TDMS_encoder_blue/e_reg[6]/D (clocked by clock_pixel_unbuffered). Large setup violations at the end of those stages might be difficult to fix during the post-placement implementation flow and could be the result of non-optimal XDC constraints or non-optimal design architecture
Related violations: <none>

TIMING-16#41 Warning
Large setup violation  
There is a large setup violation of -7.690 ns between count_reg[27]/C (clocked by sys_clk_pin) and dvid_1/TDMS_encoder_blue/e_reg[0]/D (clocked by clock_pixel_unbuffered). Large setup violations at the end of those stages might be difficult to fix during the post-placement implementation flow and could be the result of non-optimal XDC constraints or non-optimal design architecture
Related violations: <none>

TIMING-16#42 Warning
Large setup violation  
There is a large setup violation of -8.387 ns between count_reg[27]/C (clocked by sys_clk_pin) and dvid_1/TDMS_encoder_blue/dc_bias_reg[2]/D (clocked by clock_pixel_unbuffered). Large setup violations at the end of those stages might be difficult to fix during the post-placement implementation flow and could be the result of non-optimal XDC constraints or non-optimal design architecture
Related violations: <none>

TIMING-18#1 Warning
Missing input or output delay  
An output delay is missing on led[0] relative to clock(s) sys_clk_pin
Related violations: <none>

TIMING-18#2 Warning
Missing input or output delay  
An output delay is missing on led[1] relative to clock(s) sys_clk_pin
Related violations: <none>

TIMING-18#3 Warning
Missing input or output delay  
An output delay is missing on led[2] relative to clock(s) sys_clk_pin
Related violations: <none>

TIMING-18#4 Warning
Missing input or output delay  
An output delay is missing on led[3] relative to clock(s) sys_clk_pin
Related violations: <none>


