Copyright 1986-2020 Xilinx, Inc. All Rights Reserved.
-------------------------------------------------------------------------------------
| Tool Version : Vivado v.2020.1 (lin64) Build 2902540 Wed May 27 19:54:35 MDT 2020
| Date         : Mon Mar 14 20:21:15 2022
| Host         : Ubuntu-ZBook-15-G2 running 64-bit Ubuntu 18.04.6 LTS
| Command      : report_control_sets -verbose -file lab5_top_control_sets_placed.rpt
| Design       : lab5_top
| Device       : xc7a15t
-------------------------------------------------------------------------------------

Control Set Information

Table of Contents
-----------------
1. Summary
2. Histogram
3. Flip-Flop Distribution
4. Detailed Control Set Information

1. Summary
----------

+----------------------------------------------------------+-------+
|                          Status                          | Count |
+----------------------------------------------------------+-------+
| Total control sets                                       |     5 |
|    Minimum number of control sets                        |     5 |
|    Addition due to synthesis replication                 |     0 |
|    Addition due to physical synthesis replication        |     0 |
| Unused register locations in slices containing registers |    20 |
+----------------------------------------------------------+-------+
* Control sets can be merged at opt_design using control_set_merge or merge_equivalent_drivers
** Run report_qor_suggestions for automated merging and remapping suggestions


2. Histogram
------------

+--------------------+-------+
|       Fanout       | Count |
+--------------------+-------+
| Total control sets |     5 |
| >= 0 to < 4        |     0 |
| >= 4 to < 6        |     3 |
| >= 6 to < 8        |     0 |
| >= 8 to < 10       |     0 |
| >= 10 to < 12      |     1 |
| >= 12 to < 14      |     0 |
| >= 14 to < 16      |     0 |
| >= 16              |     1 |
+--------------------+-------+
* Control sets can be remapped at either synth_design or opt_design


3. Flip-Flop Distribution
-------------------------

+--------------+-----------------------+------------------------+-----------------+--------------+
| Clock Enable | Synchronous Set/Reset | Asynchronous Set/Reset | Total Registers | Total Slices |
+--------------+-----------------------+------------------------+-----------------+--------------+
| No           | No                    | No                     |              21 |            5 |
| No           | No                    | Yes                    |               0 |            0 |
| No           | Yes                   | No                     |               0 |            0 |
| Yes          | No                    | No                     |              19 |            4 |
| Yes          | No                    | Yes                    |               4 |            1 |
| Yes          | Yes                   | No                     |               0 |            0 |
+--------------+-----------------------+------------------------+-----------------+--------------+


4. Detailed Control Set Information
-----------------------------------

+-----------------+------------------------------------------+----------------------------------+------------------+----------------+--------------+
|   Clock Signal  |               Enable Signal              |         Set/Reset Signal         | Slice Load Count | Bel Load Count | Bels / Slice |
+-----------------+------------------------------------------+----------------------------------+------------------+----------------+--------------+
|  clock/CLK_BUFG | rx_slave/baud_counter[2]_i_1__0_n_0      | rx_slave/baud_counter[2]_i_3_n_0 |                1 |              4 |         4.00 |
|  clock/CLK_BUFG | rx_slave/FSM_sequential_state[3]_i_1_n_0 |                                  |                1 |              4 |         4.00 |
|  clock/CLK_BUFG | tx_slave/E[0]                            |                                  |                1 |              5 |         5.00 |
|  clock/CLK_BUFG | tx_slave/FSM_onehot_state[9]_i_1_n_0     |                                  |                2 |             10 |         5.00 |
|  clock/CLK_BUFG |                                          |                                  |                5 |             21 |         4.20 |
+-----------------+------------------------------------------+----------------------------------+------------------+----------------+--------------+


