Copyright 1986-2020 Xilinx, Inc. All Rights Reserved.
-------------------------------------------------------------------------------------------------------------------------------
| Tool Version     : Vivado v.2020.1 (lin64) Build 2902540 Wed May 27 19:54:35 MDT 2020
| Date             : Tue May 24 12:13:59 2022
| Host             : Ubuntu-ZBook-15-G2 running 64-bit Ubuntu 18.04.6 LTS
| Command          : report_power -file top_power_routed.rpt -pb top_power_summary_routed.pb -rpx top_power_routed.rpx
| Design           : top
| Device           : xc7a15tcpg236-1
| Design State     : routed
| Grade            : commercial
| Process          : typical
| Characterization : Production
-------------------------------------------------------------------------------------------------------------------------------

Power Report

Table of Contents
-----------------
1. Summary
1.1 On-Chip Components
1.2 Power Supply Summary
1.3 Confidence Level
2. Settings
2.1 Environment
2.2 Clock Constraints
3. Detailed Reports
3.1 By Hierarchy

1. Summary
----------

+--------------------------+--------------+
| Total On-Chip Power (W)  | 0.394        |
| Design Power Budget (W)  | Unspecified* |
| Power Budget Margin (W)  | NA           |
| Dynamic (W)              | 0.321        |
| Device Static (W)        | 0.073        |
| Effective TJA (C/W)      | 5.0          |
| Max Ambient (C)          | 83.0         |
| Junction Temperature (C) | 27.0         |
| Confidence Level         | Medium       |
| Setting File             | ---          |
| Simulation Activity File | ---          |
| Design Nets Matched      | NA           |
+--------------------------+--------------+
* Specify Design Power Budget using, set_operating_conditions -design_power_budget <value in Watts>


1.1 On-Chip Components
----------------------

+--------------------------+-----------+----------+-----------+-----------------+
| On-Chip                  | Power (W) | Used     | Available | Utilization (%) |
+--------------------------+-----------+----------+-----------+-----------------+
| Clocks                   |     0.023 |        9 |       --- |             --- |
| Slice Logic              |     0.010 |     5928 |       --- |             --- |
|   LUT as Logic           |     0.008 |     1785 |     10400 |           17.16 |
|   CARRY4                 |    <0.001 |      118 |      8150 |            1.45 |
|   Register               |    <0.001 |     2999 |     20800 |           14.42 |
|   LUT as Shift Register  |    <0.001 |      175 |      9600 |            1.82 |
|   F7/F8 Muxes            |    <0.001 |       20 |     32600 |            0.06 |
|   BUFG                   |    <0.001 |        1 |        32 |            3.13 |
|   LUT as Distributed RAM |    <0.001 |       24 |      9600 |            0.25 |
|   Others                 |     0.000 |      343 |       --- |             --- |
| Signals                  |     0.010 |     4351 |       --- |             --- |
| Block RAM                |     0.004 |        3 |        25 |           12.00 |
| MMCM                     |     0.107 |        1 |         5 |           20.00 |
| DSPs                     |    <0.001 |        1 |        45 |            2.22 |
| I/O                      |     0.166 |       52 |       106 |           49.06 |
| Static Power             |     0.073 |          |           |                 |
| Total                    |     0.394 |          |           |                 |
+--------------------------+-----------+----------+-----------+-----------------+


1.2 Power Supply Summary
------------------------

+-----------+-------------+-----------+-------------+------------+-------------+-------------+------------+
| Source    | Voltage (V) | Total (A) | Dynamic (A) | Static (A) | Powerup (A) | Budget (A)  | Margin (A) |
+-----------+-------------+-----------+-------------+------------+-------------+-------------+------------+
| Vccint    |       1.000 |     0.063 |       0.053 |      0.010 |       NA    | Unspecified | NA         |
| Vccaux    |       1.800 |     0.072 |       0.060 |      0.013 |       NA    | Unspecified | NA         |
| Vcco33    |       3.300 |     0.050 |       0.049 |      0.001 |       NA    | Unspecified | NA         |
| Vcco25    |       2.500 |     0.000 |       0.000 |      0.000 |       NA    | Unspecified | NA         |
| Vcco18    |       1.800 |     0.000 |       0.000 |      0.000 |       NA    | Unspecified | NA         |
| Vcco15    |       1.500 |     0.000 |       0.000 |      0.000 |       NA    | Unspecified | NA         |
| Vcco135   |       1.350 |     0.000 |       0.000 |      0.000 |       NA    | Unspecified | NA         |
| Vcco12    |       1.200 |     0.000 |       0.000 |      0.000 |       NA    | Unspecified | NA         |
| Vccaux_io |       1.800 |     0.000 |       0.000 |      0.000 |       NA    | Unspecified | NA         |
| Vccbram   |       1.000 |     0.000 |       0.000 |      0.000 |       NA    | Unspecified | NA         |
| MGTAVcc   |       1.000 |     0.000 |       0.000 |      0.000 |       NA    | Unspecified | NA         |
| MGTAVtt   |       1.200 |     0.000 |       0.000 |      0.000 |       NA    | Unspecified | NA         |
| Vccadc    |       1.800 |     0.020 |       0.000 |      0.020 |       NA    | Unspecified | NA         |
+-----------+-------------+-----------+-------------+------------+-------------+-------------+------------+


1.3 Confidence Level
--------------------

+-----------------------------+------------+-------------------------------------------------------+------------------------------------------------------------------------------------------------------------+
| User Input Data             | Confidence | Details                                               | Action                                                                                                     |
+-----------------------------+------------+-------------------------------------------------------+------------------------------------------------------------------------------------------------------------+
| Design implementation state | High       | Design is routed                                      |                                                                                                            |
| Clock nodes activity        | High       | User specified more than 95% of clocks                |                                                                                                            |
| I/O nodes activity          | Medium     | More than 5% of inputs are missing user specification | Provide missing input activity with simulation results or by editing the "By Resource Type -> I/Os" view   |
| Internal nodes activity     | Medium     | User specified less than 25% of internal nodes        | Provide missing internal nodes activity with simulation results or by editing the "By Resource Type" views |
| Device models               | High       | Device models are Production                          |                                                                                                            |
|                             |            |                                                       |                                                                                                            |
| Overall confidence level    | Medium     |                                                       |                                                                                                            |
+-----------------------------+------------+-------------------------------------------------------+------------------------------------------------------------------------------------------------------------+


2. Settings
-----------

2.1 Environment
---------------

+-----------------------+--------------------------+
| Ambient Temp (C)      | 25.0                     |
| ThetaJA (C/W)         | 5.0                      |
| Airflow (LFM)         | 250                      |
| Heat Sink             | medium (Medium Profile)  |
| ThetaSA (C/W)         | 4.6                      |
| Board Selection       | medium (10"x10")         |
| # of Board Layers     | 12to15 (12 to 15 Layers) |
| Board Temperature (C) | 25.0                     |
+-----------------------+--------------------------+


2.2 Clock Constraints
---------------------

+--------------------------------------------------------------------------------------------+----------------------------------------------------------------------+-----------------+
| Clock                                                                                      | Domain                                                               | Constraint (ns) |
+--------------------------------------------------------------------------------------------+----------------------------------------------------------------------+-----------------+
| cEng_5xpixel                                                                               | MMCM_clockEngine/CLK24MHZ_IBUF_BUFG_inst                             |             1.3 |
| cEng_pixel                                                                                 | MMCM_clockEngine/clk                                                 |             6.7 |
| cEng_spi                                                                                   | MMCM_clockEngine/cEng_spi                                            |            47.1 |
| cEng_sram                                                                                  | MMCM_clockEngine/rd_clk                                              |             9.4 |
| clk_feedback                                                                               | MMCM_clockEngine/clk_feedback                                        |            41.7 |
| dbg_hub/inst/BSCANID.u_xsdbm_id/SWITCH_N_EXT_BSCAN.bscan_inst/SERIES7_BSCAN.bscan_inst/TCK | dbg_hub/inst/BSCANID.u_xsdbm_id/SWITCH_N_EXT_BSCAN.bscan_inst/tck_bs |            33.0 |
| sys_clk_pin                                                                                | CLK24MHZ                                                             |            41.7 |
+--------------------------------------------------------------------------------------------+----------------------------------------------------------------------+-----------------+


3. Detailed Reports
-------------------

3.1 By Hierarchy
----------------

+--------------------------------------------+-----------+
| Name                                       | Power (W) |
+--------------------------------------------+-----------+
| top                                        |     0.321 |
|   Inst_vga_gen                             |     0.001 |
|   MMCM_clockEngine                         |     0.107 |
|   color_filter                             |     0.002 |
|   data_cont                                |     0.002 |
|   dbg_hub                                  |     0.004 |
|     inst                                   |     0.004 |
|       BSCANID.u_xsdbm_id                   |     0.004 |
|   dvid_1                                   |     0.152 |
|     SERDES_blue                            |     0.001 |
|     SERDES_clock                           |     0.001 |
|     SERDES_green                           |     0.001 |
|     SERDES_red                             |     0.001 |
|     TMDS_encoder_blue                      |     0.003 |
|     TMDS_encoder_green                     |     0.003 |
|     TMDS_encoder_red                       |     0.003 |
|   fifo                                     |     0.002 |
|     xpm_fifo_async_inst                    |     0.002 |
|       gnuram_async_fifo.xpm_fifo_base_inst |     0.002 |
|   ila                                      |     0.017 |
|     U0                                     |     0.017 |
|       ila_core_inst                        |     0.016 |
|   spi_top                                  |     0.006 |
|     rx_module                              |     0.006 |
+--------------------------------------------+-----------+


