Copyright 1986-2020 Xilinx, Inc. All Rights Reserved.
------------------------------------------------------------------------------------
| Tool Version : Vivado v.2020.1 (lin64) Build 2902540 Wed May 27 19:54:35 MDT 2020
| Date         : Fri May 27 21:59:42 2022
| Host         : Ubuntu-ZBook-15-G2 running 64-bit Ubuntu 18.04.6 LTS
| Command      : report_control_sets -verbose -file top_control_sets_placed.rpt
| Design       : top
| Device       : xc7a15t
------------------------------------------------------------------------------------

Control Set Information

Table of Contents
-----------------
1. Summary
2. Histogram
3. Flip-Flop Distribution
4. Detailed Control Set Information

1. Summary
----------

+----------------------------------------------------------+-------+
|                          Status                          | Count |
+----------------------------------------------------------+-------+
| Total control sets                                       |    19 |
|    Minimum number of control sets                        |    19 |
|    Addition due to synthesis replication                 |     0 |
|    Addition due to physical synthesis replication        |     0 |
| Unused register locations in slices containing registers |    43 |
+----------------------------------------------------------+-------+
* Control sets can be merged at opt_design using control_set_merge or merge_equivalent_drivers
** Run report_qor_suggestions for automated merging and remapping suggestions


2. Histogram
------------

+--------------------+-------+
|       Fanout       | Count |
+--------------------+-------+
| Total control sets |    19 |
| >= 0 to < 4        |     0 |
| >= 4 to < 6        |     2 |
| >= 6 to < 8        |     1 |
| >= 8 to < 10       |     2 |
| >= 10 to < 12      |     0 |
| >= 12 to < 14      |     3 |
| >= 14 to < 16      |     1 |
| >= 16              |    10 |
+--------------------+-------+
* Control sets can be remapped at either synth_design or opt_design


3. Flip-Flop Distribution
-------------------------

+--------------+-----------------------+------------------------+-----------------+--------------+
| Clock Enable | Synchronous Set/Reset | Asynchronous Set/Reset | Total Registers | Total Slices |
+--------------+-----------------------+------------------------+-----------------+--------------+
| No           | No                    | No                     |             198 |           68 |
| No           | No                    | Yes                    |               0 |            0 |
| No           | Yes                   | No                     |              55 |           25 |
| Yes          | No                    | No                     |             208 |           49 |
| Yes          | No                    | Yes                    |               0 |            0 |
| Yes          | Yes                   | No                     |              64 |           16 |
+--------------+-----------------------+------------------------+-----------------+--------------+


4. Detailed Control Set Information
-----------------------------------

+---------------------+--------------------------------------------------------------------------------------+----------------------------------------------------------------------------------------------------------------------------------+------------------+----------------+--------------+
|     Clock Signal    |                                     Enable Signal                                    |                                                         Set/Reset Signal                                                         | Slice Load Count | Bel Load Count | Bels / Slice |
+---------------------+--------------------------------------------------------------------------------------+----------------------------------------------------------------------------------------------------------------------------------+------------------+----------------+--------------+
|  cEng_spi_BUFG      |                                                                                      | fifo/xpm_fifo_async_inst/gnuram_async_fifo.xpm_fifo_base_inst/xpm_fifo_rst_inst/FSM_onehot_gen_rst_ic.curr_wrst_state[4]_i_1_n_0 |                2 |              4 |         2.00 |
|  cEng_spi_BUFG      |                                                                                      | fifo/xpm_fifo_async_inst/gnuram_async_fifo.xpm_fifo_base_inst/xpm_fifo_rst_inst/wrst_busy                                        |                1 |              5 |         5.00 |
|  cEng_pixel_BUFG    |                                                                                      | fifo/xpm_fifo_async_inst/gnuram_async_fifo.xpm_fifo_base_inst/xpm_fifo_rst_inst/SR[0]                                            |                2 |              6 |         3.00 |
|  cEng_pixel_BUFG    | data_cont/E[0]                                                                       |                                                                                                                                  |                2 |              8 |         4.00 |
|  cEng_pixel_BUFG    | fifo/xpm_fifo_async_inst/gnuram_async_fifo.xpm_fifo_base_inst/rdpp1_inst/E[0]        | fifo/xpm_fifo_async_inst/gnuram_async_fifo.xpm_fifo_base_inst/xpm_fifo_rst_inst/SR[0]                                            |                2 |              8 |         4.00 |
|  cEng_spi_BUFG      | fifo/xpm_fifo_async_inst/gnuram_async_fifo.xpm_fifo_base_inst/xpm_fifo_rst_inst/E[0] | fifo/xpm_fifo_async_inst/gnuram_async_fifo.xpm_fifo_base_inst/xpm_fifo_rst_inst/wrst_busy                                        |                3 |             12 |         4.00 |
|  cEng_pixel_BUFG    | Inst_vga_gen/eqOp                                                                    | Inst_vga_gen/n[vCounter]                                                                                                         |                3 |             12 |         4.00 |
|  cEng_pixel_BUFG    |                                                                                      | Inst_vga_gen/eqOp                                                                                                                |                3 |             12 |         4.00 |
|  cEng_spi_BUFG      |                                                                                      |                                                                                                                                  |                6 |             14 |         2.33 |
|  cEng_pixel_BUFG    | data_cont/gamma_int0                                                                 |                                                                                                                                  |                6 |             16 |         2.67 |
|  cEng_pixel_BUFG    | data_cont/rdata[7]_i_1_n_0                                                           |                                                                                                                                  |                5 |             24 |         4.80 |
|  cEng_pixel_BUFG    |                                                                                      | Inst_vga_gen/blank                                                                                                               |               17 |             28 |         1.65 |
|  CLK24MHZ_IBUF_BUFG |                                                                                      |                                                                                                                                  |                8 |             30 |         3.75 |
|  cEng_pixel_BUFG    | color_filter/state                                                                   | color_filter/counter[0]_i_1_n_0                                                                                                  |                8 |             32 |         4.00 |
|  spi_clk_IBUF_BUFG  | spi_top/rx_module/index[0]_i_1_n_0                                                   |                                                                                                                                  |                8 |             32 |         4.00 |
|  spi_clk_IBUF_BUFG  | spi_top/rx_module/RXDATA_O0                                                          |                                                                                                                                  |               15 |             64 |         4.27 |
|  cEng_spi_BUFG      | spi_top/rx_module/E[0]                                                               |                                                                                                                                  |               13 |             64 |         4.92 |
|  spi_clk_IBUF_BUFG  |                                                                                      |                                                                                                                                  |               21 |             65 |         3.10 |
|  cEng_pixel_BUFG    |                                                                                      |                                                                                                                                  |               33 |             92 |         2.79 |
+---------------------+--------------------------------------------------------------------------------------+----------------------------------------------------------------------------------------------------------------------------------+------------------+----------------+--------------+


