Copyright 1986-2020 Xilinx, Inc. All Rights Reserved.
-----------------------------------------------------------------------------------------------------------------------------------------------
| Tool Version : Vivado v.2020.1 (lin64) Build 2902540 Wed May 27 19:54:35 MDT 2020
| Date         : Tue May 17 11:09:51 2022
| Host         : Ubuntu-ZBook-15-G2 running 64-bit Ubuntu 18.04.6 LTS
| Command      : report_methodology -file top_methodology_drc_routed.rpt -pb top_methodology_drc_routed.pb -rpx top_methodology_drc_routed.rpx
| Design       : top
| Device       : xc7a15tcpg236-1
| Speed File   : -1
| Design State : Fully Routed
-----------------------------------------------------------------------------------------------------------------------------------------------

Report Methodology

Table of Contents
-----------------
1. REPORT SUMMARY
2. REPORT DETAILS

1. REPORT SUMMARY
-----------------
            Netlist: netlist
          Floorplan: design_1
      Design limits: <entire design considered>
             Max violations: <unlimited>
             Violations found: 248
+-----------+------------------+-------------------------------+------------+
| Rule      | Severity         | Description                   | Violations |
+-----------+------------------+-------------------------------+------------+
| TIMING-17 | Critical Warning | Non-clocked sequential cell   | 164        |
| SYNTH-11  | Warning          | DSP output not registered     | 1          |
| TIMING-16 | Warning          | Large setup violation         | 77         |
| TIMING-18 | Warning          | Missing input or output delay | 6          |
+-----------+------------------+-------------------------------+------------+

2. REPORT DETAILS
-----------------
TIMING-17#1 Critical Warning
Non-clocked sequential cell  
The clock pin spi_top/rx_module/BUSY_O_reg/C is not reached by a timing clock
Related violations: <none>

TIMING-17#2 Critical Warning
Non-clocked sequential cell  
The clock pin spi_top/rx_module/FSM_onehot_state_reg[0]/C is not reached by a timing clock
Related violations: <none>

TIMING-17#3 Critical Warning
Non-clocked sequential cell  
The clock pin spi_top/rx_module/FSM_onehot_state_reg[1]/C is not reached by a timing clock
Related violations: <none>

TIMING-17#4 Critical Warning
Non-clocked sequential cell  
The clock pin spi_top/rx_module/FSM_onehot_state_reg[2]/C is not reached by a timing clock
Related violations: <none>

TIMING-17#5 Critical Warning
Non-clocked sequential cell  
The clock pin spi_top/rx_module/RXDATA_O_reg[0]/C is not reached by a timing clock
Related violations: <none>

TIMING-17#6 Critical Warning
Non-clocked sequential cell  
The clock pin spi_top/rx_module/RXDATA_O_reg[10]/C is not reached by a timing clock
Related violations: <none>

TIMING-17#7 Critical Warning
Non-clocked sequential cell  
The clock pin spi_top/rx_module/RXDATA_O_reg[11]/C is not reached by a timing clock
Related violations: <none>

TIMING-17#8 Critical Warning
Non-clocked sequential cell  
The clock pin spi_top/rx_module/RXDATA_O_reg[12]/C is not reached by a timing clock
Related violations: <none>

TIMING-17#9 Critical Warning
Non-clocked sequential cell  
The clock pin spi_top/rx_module/RXDATA_O_reg[13]/C is not reached by a timing clock
Related violations: <none>

TIMING-17#10 Critical Warning
Non-clocked sequential cell  
The clock pin spi_top/rx_module/RXDATA_O_reg[14]/C is not reached by a timing clock
Related violations: <none>

TIMING-17#11 Critical Warning
Non-clocked sequential cell  
The clock pin spi_top/rx_module/RXDATA_O_reg[15]/C is not reached by a timing clock
Related violations: <none>

TIMING-17#12 Critical Warning
Non-clocked sequential cell  
The clock pin spi_top/rx_module/RXDATA_O_reg[16]/C is not reached by a timing clock
Related violations: <none>

TIMING-17#13 Critical Warning
Non-clocked sequential cell  
The clock pin spi_top/rx_module/RXDATA_O_reg[17]/C is not reached by a timing clock
Related violations: <none>

TIMING-17#14 Critical Warning
Non-clocked sequential cell  
The clock pin spi_top/rx_module/RXDATA_O_reg[18]/C is not reached by a timing clock
Related violations: <none>

TIMING-17#15 Critical Warning
Non-clocked sequential cell  
The clock pin spi_top/rx_module/RXDATA_O_reg[19]/C is not reached by a timing clock
Related violations: <none>

TIMING-17#16 Critical Warning
Non-clocked sequential cell  
The clock pin spi_top/rx_module/RXDATA_O_reg[1]/C is not reached by a timing clock
Related violations: <none>

TIMING-17#17 Critical Warning
Non-clocked sequential cell  
The clock pin spi_top/rx_module/RXDATA_O_reg[20]/C is not reached by a timing clock
Related violations: <none>

TIMING-17#18 Critical Warning
Non-clocked sequential cell  
The clock pin spi_top/rx_module/RXDATA_O_reg[21]/C is not reached by a timing clock
Related violations: <none>

TIMING-17#19 Critical Warning
Non-clocked sequential cell  
The clock pin spi_top/rx_module/RXDATA_O_reg[22]/C is not reached by a timing clock
Related violations: <none>

TIMING-17#20 Critical Warning
Non-clocked sequential cell  
The clock pin spi_top/rx_module/RXDATA_O_reg[23]/C is not reached by a timing clock
Related violations: <none>

TIMING-17#21 Critical Warning
Non-clocked sequential cell  
The clock pin spi_top/rx_module/RXDATA_O_reg[24]/C is not reached by a timing clock
Related violations: <none>

TIMING-17#22 Critical Warning
Non-clocked sequential cell  
The clock pin spi_top/rx_module/RXDATA_O_reg[25]/C is not reached by a timing clock
Related violations: <none>

TIMING-17#23 Critical Warning
Non-clocked sequential cell  
The clock pin spi_top/rx_module/RXDATA_O_reg[26]/C is not reached by a timing clock
Related violations: <none>

TIMING-17#24 Critical Warning
Non-clocked sequential cell  
The clock pin spi_top/rx_module/RXDATA_O_reg[27]/C is not reached by a timing clock
Related violations: <none>

TIMING-17#25 Critical Warning
Non-clocked sequential cell  
The clock pin spi_top/rx_module/RXDATA_O_reg[28]/C is not reached by a timing clock
Related violations: <none>

TIMING-17#26 Critical Warning
Non-clocked sequential cell  
The clock pin spi_top/rx_module/RXDATA_O_reg[29]/C is not reached by a timing clock
Related violations: <none>

TIMING-17#27 Critical Warning
Non-clocked sequential cell  
The clock pin spi_top/rx_module/RXDATA_O_reg[2]/C is not reached by a timing clock
Related violations: <none>

TIMING-17#28 Critical Warning
Non-clocked sequential cell  
The clock pin spi_top/rx_module/RXDATA_O_reg[30]/C is not reached by a timing clock
Related violations: <none>

TIMING-17#29 Critical Warning
Non-clocked sequential cell  
The clock pin spi_top/rx_module/RXDATA_O_reg[31]/C is not reached by a timing clock
Related violations: <none>

TIMING-17#30 Critical Warning
Non-clocked sequential cell  
The clock pin spi_top/rx_module/RXDATA_O_reg[32]/C is not reached by a timing clock
Related violations: <none>

TIMING-17#31 Critical Warning
Non-clocked sequential cell  
The clock pin spi_top/rx_module/RXDATA_O_reg[33]/C is not reached by a timing clock
Related violations: <none>

TIMING-17#32 Critical Warning
Non-clocked sequential cell  
The clock pin spi_top/rx_module/RXDATA_O_reg[34]/C is not reached by a timing clock
Related violations: <none>

TIMING-17#33 Critical Warning
Non-clocked sequential cell  
The clock pin spi_top/rx_module/RXDATA_O_reg[35]/C is not reached by a timing clock
Related violations: <none>

TIMING-17#34 Critical Warning
Non-clocked sequential cell  
The clock pin spi_top/rx_module/RXDATA_O_reg[36]/C is not reached by a timing clock
Related violations: <none>

TIMING-17#35 Critical Warning
Non-clocked sequential cell  
The clock pin spi_top/rx_module/RXDATA_O_reg[37]/C is not reached by a timing clock
Related violations: <none>

TIMING-17#36 Critical Warning
Non-clocked sequential cell  
The clock pin spi_top/rx_module/RXDATA_O_reg[38]/C is not reached by a timing clock
Related violations: <none>

TIMING-17#37 Critical Warning
Non-clocked sequential cell  
The clock pin spi_top/rx_module/RXDATA_O_reg[39]/C is not reached by a timing clock
Related violations: <none>

TIMING-17#38 Critical Warning
Non-clocked sequential cell  
The clock pin spi_top/rx_module/RXDATA_O_reg[3]/C is not reached by a timing clock
Related violations: <none>

TIMING-17#39 Critical Warning
Non-clocked sequential cell  
The clock pin spi_top/rx_module/RXDATA_O_reg[40]/C is not reached by a timing clock
Related violations: <none>

TIMING-17#40 Critical Warning
Non-clocked sequential cell  
The clock pin spi_top/rx_module/RXDATA_O_reg[41]/C is not reached by a timing clock
Related violations: <none>

TIMING-17#41 Critical Warning
Non-clocked sequential cell  
The clock pin spi_top/rx_module/RXDATA_O_reg[42]/C is not reached by a timing clock
Related violations: <none>

TIMING-17#42 Critical Warning
Non-clocked sequential cell  
The clock pin spi_top/rx_module/RXDATA_O_reg[43]/C is not reached by a timing clock
Related violations: <none>

TIMING-17#43 Critical Warning
Non-clocked sequential cell  
The clock pin spi_top/rx_module/RXDATA_O_reg[44]/C is not reached by a timing clock
Related violations: <none>

TIMING-17#44 Critical Warning
Non-clocked sequential cell  
The clock pin spi_top/rx_module/RXDATA_O_reg[45]/C is not reached by a timing clock
Related violations: <none>

TIMING-17#45 Critical Warning
Non-clocked sequential cell  
The clock pin spi_top/rx_module/RXDATA_O_reg[46]/C is not reached by a timing clock
Related violations: <none>

TIMING-17#46 Critical Warning
Non-clocked sequential cell  
The clock pin spi_top/rx_module/RXDATA_O_reg[47]/C is not reached by a timing clock
Related violations: <none>

TIMING-17#47 Critical Warning
Non-clocked sequential cell  
The clock pin spi_top/rx_module/RXDATA_O_reg[48]/C is not reached by a timing clock
Related violations: <none>

TIMING-17#48 Critical Warning
Non-clocked sequential cell  
The clock pin spi_top/rx_module/RXDATA_O_reg[49]/C is not reached by a timing clock
Related violations: <none>

TIMING-17#49 Critical Warning
Non-clocked sequential cell  
The clock pin spi_top/rx_module/RXDATA_O_reg[4]/C is not reached by a timing clock
Related violations: <none>

TIMING-17#50 Critical Warning
Non-clocked sequential cell  
The clock pin spi_top/rx_module/RXDATA_O_reg[50]/C is not reached by a timing clock
Related violations: <none>

TIMING-17#51 Critical Warning
Non-clocked sequential cell  
The clock pin spi_top/rx_module/RXDATA_O_reg[51]/C is not reached by a timing clock
Related violations: <none>

TIMING-17#52 Critical Warning
Non-clocked sequential cell  
The clock pin spi_top/rx_module/RXDATA_O_reg[52]/C is not reached by a timing clock
Related violations: <none>

TIMING-17#53 Critical Warning
Non-clocked sequential cell  
The clock pin spi_top/rx_module/RXDATA_O_reg[53]/C is not reached by a timing clock
Related violations: <none>

TIMING-17#54 Critical Warning
Non-clocked sequential cell  
The clock pin spi_top/rx_module/RXDATA_O_reg[54]/C is not reached by a timing clock
Related violations: <none>

TIMING-17#55 Critical Warning
Non-clocked sequential cell  
The clock pin spi_top/rx_module/RXDATA_O_reg[55]/C is not reached by a timing clock
Related violations: <none>

TIMING-17#56 Critical Warning
Non-clocked sequential cell  
The clock pin spi_top/rx_module/RXDATA_O_reg[56]/C is not reached by a timing clock
Related violations: <none>

TIMING-17#57 Critical Warning
Non-clocked sequential cell  
The clock pin spi_top/rx_module/RXDATA_O_reg[57]/C is not reached by a timing clock
Related violations: <none>

TIMING-17#58 Critical Warning
Non-clocked sequential cell  
The clock pin spi_top/rx_module/RXDATA_O_reg[58]/C is not reached by a timing clock
Related violations: <none>

TIMING-17#59 Critical Warning
Non-clocked sequential cell  
The clock pin spi_top/rx_module/RXDATA_O_reg[59]/C is not reached by a timing clock
Related violations: <none>

TIMING-17#60 Critical Warning
Non-clocked sequential cell  
The clock pin spi_top/rx_module/RXDATA_O_reg[5]/C is not reached by a timing clock
Related violations: <none>

TIMING-17#61 Critical Warning
Non-clocked sequential cell  
The clock pin spi_top/rx_module/RXDATA_O_reg[60]/C is not reached by a timing clock
Related violations: <none>

TIMING-17#62 Critical Warning
Non-clocked sequential cell  
The clock pin spi_top/rx_module/RXDATA_O_reg[61]/C is not reached by a timing clock
Related violations: <none>

TIMING-17#63 Critical Warning
Non-clocked sequential cell  
The clock pin spi_top/rx_module/RXDATA_O_reg[62]/C is not reached by a timing clock
Related violations: <none>

TIMING-17#64 Critical Warning
Non-clocked sequential cell  
The clock pin spi_top/rx_module/RXDATA_O_reg[63]/C is not reached by a timing clock
Related violations: <none>

TIMING-17#65 Critical Warning
Non-clocked sequential cell  
The clock pin spi_top/rx_module/RXDATA_O_reg[6]/C is not reached by a timing clock
Related violations: <none>

TIMING-17#66 Critical Warning
Non-clocked sequential cell  
The clock pin spi_top/rx_module/RXDATA_O_reg[7]/C is not reached by a timing clock
Related violations: <none>

TIMING-17#67 Critical Warning
Non-clocked sequential cell  
The clock pin spi_top/rx_module/RXDATA_O_reg[8]/C is not reached by a timing clock
Related violations: <none>

TIMING-17#68 Critical Warning
Non-clocked sequential cell  
The clock pin spi_top/rx_module/RXDATA_O_reg[9]/C is not reached by a timing clock
Related violations: <none>

TIMING-17#69 Critical Warning
Non-clocked sequential cell  
The clock pin spi_top/rx_module/index_reg[0]/C is not reached by a timing clock
Related violations: <none>

TIMING-17#70 Critical Warning
Non-clocked sequential cell  
The clock pin spi_top/rx_module/index_reg[10]/C is not reached by a timing clock
Related violations: <none>

TIMING-17#71 Critical Warning
Non-clocked sequential cell  
The clock pin spi_top/rx_module/index_reg[11]/C is not reached by a timing clock
Related violations: <none>

TIMING-17#72 Critical Warning
Non-clocked sequential cell  
The clock pin spi_top/rx_module/index_reg[12]/C is not reached by a timing clock
Related violations: <none>

TIMING-17#73 Critical Warning
Non-clocked sequential cell  
The clock pin spi_top/rx_module/index_reg[13]/C is not reached by a timing clock
Related violations: <none>

TIMING-17#74 Critical Warning
Non-clocked sequential cell  
The clock pin spi_top/rx_module/index_reg[14]/C is not reached by a timing clock
Related violations: <none>

TIMING-17#75 Critical Warning
Non-clocked sequential cell  
The clock pin spi_top/rx_module/index_reg[15]/C is not reached by a timing clock
Related violations: <none>

TIMING-17#76 Critical Warning
Non-clocked sequential cell  
The clock pin spi_top/rx_module/index_reg[16]/C is not reached by a timing clock
Related violations: <none>

TIMING-17#77 Critical Warning
Non-clocked sequential cell  
The clock pin spi_top/rx_module/index_reg[17]/C is not reached by a timing clock
Related violations: <none>

TIMING-17#78 Critical Warning
Non-clocked sequential cell  
The clock pin spi_top/rx_module/index_reg[18]/C is not reached by a timing clock
Related violations: <none>

TIMING-17#79 Critical Warning
Non-clocked sequential cell  
The clock pin spi_top/rx_module/index_reg[19]/C is not reached by a timing clock
Related violations: <none>

TIMING-17#80 Critical Warning
Non-clocked sequential cell  
The clock pin spi_top/rx_module/index_reg[1]/C is not reached by a timing clock
Related violations: <none>

TIMING-17#81 Critical Warning
Non-clocked sequential cell  
The clock pin spi_top/rx_module/index_reg[20]/C is not reached by a timing clock
Related violations: <none>

TIMING-17#82 Critical Warning
Non-clocked sequential cell  
The clock pin spi_top/rx_module/index_reg[21]/C is not reached by a timing clock
Related violations: <none>

TIMING-17#83 Critical Warning
Non-clocked sequential cell  
The clock pin spi_top/rx_module/index_reg[22]/C is not reached by a timing clock
Related violations: <none>

TIMING-17#84 Critical Warning
Non-clocked sequential cell  
The clock pin spi_top/rx_module/index_reg[23]/C is not reached by a timing clock
Related violations: <none>

TIMING-17#85 Critical Warning
Non-clocked sequential cell  
The clock pin spi_top/rx_module/index_reg[24]/C is not reached by a timing clock
Related violations: <none>

TIMING-17#86 Critical Warning
Non-clocked sequential cell  
The clock pin spi_top/rx_module/index_reg[25]/C is not reached by a timing clock
Related violations: <none>

TIMING-17#87 Critical Warning
Non-clocked sequential cell  
The clock pin spi_top/rx_module/index_reg[26]/C is not reached by a timing clock
Related violations: <none>

TIMING-17#88 Critical Warning
Non-clocked sequential cell  
The clock pin spi_top/rx_module/index_reg[27]/C is not reached by a timing clock
Related violations: <none>

TIMING-17#89 Critical Warning
Non-clocked sequential cell  
The clock pin spi_top/rx_module/index_reg[28]/C is not reached by a timing clock
Related violations: <none>

TIMING-17#90 Critical Warning
Non-clocked sequential cell  
The clock pin spi_top/rx_module/index_reg[29]/C is not reached by a timing clock
Related violations: <none>

TIMING-17#91 Critical Warning
Non-clocked sequential cell  
The clock pin spi_top/rx_module/index_reg[2]/C is not reached by a timing clock
Related violations: <none>

TIMING-17#92 Critical Warning
Non-clocked sequential cell  
The clock pin spi_top/rx_module/index_reg[30]/C is not reached by a timing clock
Related violations: <none>

TIMING-17#93 Critical Warning
Non-clocked sequential cell  
The clock pin spi_top/rx_module/index_reg[31]/C is not reached by a timing clock
Related violations: <none>

TIMING-17#94 Critical Warning
Non-clocked sequential cell  
The clock pin spi_top/rx_module/index_reg[3]/C is not reached by a timing clock
Related violations: <none>

TIMING-17#95 Critical Warning
Non-clocked sequential cell  
The clock pin spi_top/rx_module/index_reg[4]/C is not reached by a timing clock
Related violations: <none>

TIMING-17#96 Critical Warning
Non-clocked sequential cell  
The clock pin spi_top/rx_module/index_reg[5]/C is not reached by a timing clock
Related violations: <none>

TIMING-17#97 Critical Warning
Non-clocked sequential cell  
The clock pin spi_top/rx_module/index_reg[6]/C is not reached by a timing clock
Related violations: <none>

TIMING-17#98 Critical Warning
Non-clocked sequential cell  
The clock pin spi_top/rx_module/index_reg[7]/C is not reached by a timing clock
Related violations: <none>

TIMING-17#99 Critical Warning
Non-clocked sequential cell  
The clock pin spi_top/rx_module/index_reg[8]/C is not reached by a timing clock
Related violations: <none>

TIMING-17#100 Critical Warning
Non-clocked sequential cell  
The clock pin spi_top/rx_module/index_reg[9]/C is not reached by a timing clock
Related violations: <none>

TIMING-17#101 Critical Warning
Non-clocked sequential cell  
The clock pin spi_top/rx_module/rxdata_temp_reg[0]/C is not reached by a timing clock
Related violations: <none>

TIMING-17#102 Critical Warning
Non-clocked sequential cell  
The clock pin spi_top/rx_module/rxdata_temp_reg[10]/C is not reached by a timing clock
Related violations: <none>

TIMING-17#103 Critical Warning
Non-clocked sequential cell  
The clock pin spi_top/rx_module/rxdata_temp_reg[11]/C is not reached by a timing clock
Related violations: <none>

TIMING-17#104 Critical Warning
Non-clocked sequential cell  
The clock pin spi_top/rx_module/rxdata_temp_reg[12]/C is not reached by a timing clock
Related violations: <none>

TIMING-17#105 Critical Warning
Non-clocked sequential cell  
The clock pin spi_top/rx_module/rxdata_temp_reg[13]/C is not reached by a timing clock
Related violations: <none>

TIMING-17#106 Critical Warning
Non-clocked sequential cell  
The clock pin spi_top/rx_module/rxdata_temp_reg[14]/C is not reached by a timing clock
Related violations: <none>

TIMING-17#107 Critical Warning
Non-clocked sequential cell  
The clock pin spi_top/rx_module/rxdata_temp_reg[15]/C is not reached by a timing clock
Related violations: <none>

TIMING-17#108 Critical Warning
Non-clocked sequential cell  
The clock pin spi_top/rx_module/rxdata_temp_reg[16]/C is not reached by a timing clock
Related violations: <none>

TIMING-17#109 Critical Warning
Non-clocked sequential cell  
The clock pin spi_top/rx_module/rxdata_temp_reg[17]/C is not reached by a timing clock
Related violations: <none>

TIMING-17#110 Critical Warning
Non-clocked sequential cell  
The clock pin spi_top/rx_module/rxdata_temp_reg[18]/C is not reached by a timing clock
Related violations: <none>

TIMING-17#111 Critical Warning
Non-clocked sequential cell  
The clock pin spi_top/rx_module/rxdata_temp_reg[19]/C is not reached by a timing clock
Related violations: <none>

TIMING-17#112 Critical Warning
Non-clocked sequential cell  
The clock pin spi_top/rx_module/rxdata_temp_reg[1]/C is not reached by a timing clock
Related violations: <none>

TIMING-17#113 Critical Warning
Non-clocked sequential cell  
The clock pin spi_top/rx_module/rxdata_temp_reg[20]/C is not reached by a timing clock
Related violations: <none>

TIMING-17#114 Critical Warning
Non-clocked sequential cell  
The clock pin spi_top/rx_module/rxdata_temp_reg[21]/C is not reached by a timing clock
Related violations: <none>

TIMING-17#115 Critical Warning
Non-clocked sequential cell  
The clock pin spi_top/rx_module/rxdata_temp_reg[22]/C is not reached by a timing clock
Related violations: <none>

TIMING-17#116 Critical Warning
Non-clocked sequential cell  
The clock pin spi_top/rx_module/rxdata_temp_reg[23]/C is not reached by a timing clock
Related violations: <none>

TIMING-17#117 Critical Warning
Non-clocked sequential cell  
The clock pin spi_top/rx_module/rxdata_temp_reg[24]/C is not reached by a timing clock
Related violations: <none>

TIMING-17#118 Critical Warning
Non-clocked sequential cell  
The clock pin spi_top/rx_module/rxdata_temp_reg[25]/C is not reached by a timing clock
Related violations: <none>

TIMING-17#119 Critical Warning
Non-clocked sequential cell  
The clock pin spi_top/rx_module/rxdata_temp_reg[26]/C is not reached by a timing clock
Related violations: <none>

TIMING-17#120 Critical Warning
Non-clocked sequential cell  
The clock pin spi_top/rx_module/rxdata_temp_reg[27]/C is not reached by a timing clock
Related violations: <none>

TIMING-17#121 Critical Warning
Non-clocked sequential cell  
The clock pin spi_top/rx_module/rxdata_temp_reg[28]/C is not reached by a timing clock
Related violations: <none>

TIMING-17#122 Critical Warning
Non-clocked sequential cell  
The clock pin spi_top/rx_module/rxdata_temp_reg[29]/C is not reached by a timing clock
Related violations: <none>

TIMING-17#123 Critical Warning
Non-clocked sequential cell  
The clock pin spi_top/rx_module/rxdata_temp_reg[2]/C is not reached by a timing clock
Related violations: <none>

TIMING-17#124 Critical Warning
Non-clocked sequential cell  
The clock pin spi_top/rx_module/rxdata_temp_reg[30]/C is not reached by a timing clock
Related violations: <none>

TIMING-17#125 Critical Warning
Non-clocked sequential cell  
The clock pin spi_top/rx_module/rxdata_temp_reg[31]/C is not reached by a timing clock
Related violations: <none>

TIMING-17#126 Critical Warning
Non-clocked sequential cell  
The clock pin spi_top/rx_module/rxdata_temp_reg[32]/C is not reached by a timing clock
Related violations: <none>

TIMING-17#127 Critical Warning
Non-clocked sequential cell  
The clock pin spi_top/rx_module/rxdata_temp_reg[33]/C is not reached by a timing clock
Related violations: <none>

TIMING-17#128 Critical Warning
Non-clocked sequential cell  
The clock pin spi_top/rx_module/rxdata_temp_reg[34]/C is not reached by a timing clock
Related violations: <none>

TIMING-17#129 Critical Warning
Non-clocked sequential cell  
The clock pin spi_top/rx_module/rxdata_temp_reg[35]/C is not reached by a timing clock
Related violations: <none>

TIMING-17#130 Critical Warning
Non-clocked sequential cell  
The clock pin spi_top/rx_module/rxdata_temp_reg[36]/C is not reached by a timing clock
Related violations: <none>

TIMING-17#131 Critical Warning
Non-clocked sequential cell  
The clock pin spi_top/rx_module/rxdata_temp_reg[37]/C is not reached by a timing clock
Related violations: <none>

TIMING-17#132 Critical Warning
Non-clocked sequential cell  
The clock pin spi_top/rx_module/rxdata_temp_reg[38]/C is not reached by a timing clock
Related violations: <none>

TIMING-17#133 Critical Warning
Non-clocked sequential cell  
The clock pin spi_top/rx_module/rxdata_temp_reg[39]/C is not reached by a timing clock
Related violations: <none>

TIMING-17#134 Critical Warning
Non-clocked sequential cell  
The clock pin spi_top/rx_module/rxdata_temp_reg[3]/C is not reached by a timing clock
Related violations: <none>

TIMING-17#135 Critical Warning
Non-clocked sequential cell  
The clock pin spi_top/rx_module/rxdata_temp_reg[40]/C is not reached by a timing clock
Related violations: <none>

TIMING-17#136 Critical Warning
Non-clocked sequential cell  
The clock pin spi_top/rx_module/rxdata_temp_reg[41]/C is not reached by a timing clock
Related violations: <none>

TIMING-17#137 Critical Warning
Non-clocked sequential cell  
The clock pin spi_top/rx_module/rxdata_temp_reg[42]/C is not reached by a timing clock
Related violations: <none>

TIMING-17#138 Critical Warning
Non-clocked sequential cell  
The clock pin spi_top/rx_module/rxdata_temp_reg[43]/C is not reached by a timing clock
Related violations: <none>

TIMING-17#139 Critical Warning
Non-clocked sequential cell  
The clock pin spi_top/rx_module/rxdata_temp_reg[44]/C is not reached by a timing clock
Related violations: <none>

TIMING-17#140 Critical Warning
Non-clocked sequential cell  
The clock pin spi_top/rx_module/rxdata_temp_reg[45]/C is not reached by a timing clock
Related violations: <none>

TIMING-17#141 Critical Warning
Non-clocked sequential cell  
The clock pin spi_top/rx_module/rxdata_temp_reg[46]/C is not reached by a timing clock
Related violations: <none>

TIMING-17#142 Critical Warning
Non-clocked sequential cell  
The clock pin spi_top/rx_module/rxdata_temp_reg[47]/C is not reached by a timing clock
Related violations: <none>

TIMING-17#143 Critical Warning
Non-clocked sequential cell  
The clock pin spi_top/rx_module/rxdata_temp_reg[48]/C is not reached by a timing clock
Related violations: <none>

TIMING-17#144 Critical Warning
Non-clocked sequential cell  
The clock pin spi_top/rx_module/rxdata_temp_reg[49]/C is not reached by a timing clock
Related violations: <none>

TIMING-17#145 Critical Warning
Non-clocked sequential cell  
The clock pin spi_top/rx_module/rxdata_temp_reg[4]/C is not reached by a timing clock
Related violations: <none>

TIMING-17#146 Critical Warning
Non-clocked sequential cell  
The clock pin spi_top/rx_module/rxdata_temp_reg[50]/C is not reached by a timing clock
Related violations: <none>

TIMING-17#147 Critical Warning
Non-clocked sequential cell  
The clock pin spi_top/rx_module/rxdata_temp_reg[51]/C is not reached by a timing clock
Related violations: <none>

TIMING-17#148 Critical Warning
Non-clocked sequential cell  
The clock pin spi_top/rx_module/rxdata_temp_reg[52]/C is not reached by a timing clock
Related violations: <none>

TIMING-17#149 Critical Warning
Non-clocked sequential cell  
The clock pin spi_top/rx_module/rxdata_temp_reg[53]/C is not reached by a timing clock
Related violations: <none>

TIMING-17#150 Critical Warning
Non-clocked sequential cell  
The clock pin spi_top/rx_module/rxdata_temp_reg[54]/C is not reached by a timing clock
Related violations: <none>

TIMING-17#151 Critical Warning
Non-clocked sequential cell  
The clock pin spi_top/rx_module/rxdata_temp_reg[55]/C is not reached by a timing clock
Related violations: <none>

TIMING-17#152 Critical Warning
Non-clocked sequential cell  
The clock pin spi_top/rx_module/rxdata_temp_reg[56]/C is not reached by a timing clock
Related violations: <none>

TIMING-17#153 Critical Warning
Non-clocked sequential cell  
The clock pin spi_top/rx_module/rxdata_temp_reg[57]/C is not reached by a timing clock
Related violations: <none>

TIMING-17#154 Critical Warning
Non-clocked sequential cell  
The clock pin spi_top/rx_module/rxdata_temp_reg[58]/C is not reached by a timing clock
Related violations: <none>

TIMING-17#155 Critical Warning
Non-clocked sequential cell  
The clock pin spi_top/rx_module/rxdata_temp_reg[59]/C is not reached by a timing clock
Related violations: <none>

TIMING-17#156 Critical Warning
Non-clocked sequential cell  
The clock pin spi_top/rx_module/rxdata_temp_reg[5]/C is not reached by a timing clock
Related violations: <none>

TIMING-17#157 Critical Warning
Non-clocked sequential cell  
The clock pin spi_top/rx_module/rxdata_temp_reg[60]/C is not reached by a timing clock
Related violations: <none>

TIMING-17#158 Critical Warning
Non-clocked sequential cell  
The clock pin spi_top/rx_module/rxdata_temp_reg[61]/C is not reached by a timing clock
Related violations: <none>

TIMING-17#159 Critical Warning
Non-clocked sequential cell  
The clock pin spi_top/rx_module/rxdata_temp_reg[62]/C is not reached by a timing clock
Related violations: <none>

TIMING-17#160 Critical Warning
Non-clocked sequential cell  
The clock pin spi_top/rx_module/rxdata_temp_reg[63]/C is not reached by a timing clock
Related violations: <none>

TIMING-17#161 Critical Warning
Non-clocked sequential cell  
The clock pin spi_top/rx_module/rxdata_temp_reg[6]/C is not reached by a timing clock
Related violations: <none>

TIMING-17#162 Critical Warning
Non-clocked sequential cell  
The clock pin spi_top/rx_module/rxdata_temp_reg[7]/C is not reached by a timing clock
Related violations: <none>

TIMING-17#163 Critical Warning
Non-clocked sequential cell  
The clock pin spi_top/rx_module/rxdata_temp_reg[8]/C is not reached by a timing clock
Related violations: <none>

TIMING-17#164 Critical Warning
Non-clocked sequential cell  
The clock pin spi_top/rx_module/rxdata_temp_reg[9]/C is not reached by a timing clock
Related violations: <none>

SYNTH-11#1 Warning
DSP output not registered  
DSP instance data_cont/SRAMADDR_O0 is not fully pipelined on the output side. MREG/PREG are not used.
Related violations: <none>

TIMING-16#1 Warning
Large setup violation  
There is a large setup violation of -1.030 ns between data_cont/gamma_int_reg[5]/C (clocked by cEng_sram) and color_filter/gamma_smooth_reg[0][5]/D (clocked by cEng_pixel). Large setup violations at the end of those stages might be difficult to fix during the post-placement implementation flow and could be the result of non-optimal XDC constraints or non-optimal design architecture
Related violations: <none>

TIMING-16#2 Warning
Large setup violation  
There is a large setup violation of -1.094 ns between Inst_vga_gen/queue_reg[15][blank]/C (clocked by cEng_pixel) and data_cont/gamma_int_reg[1]/CE (clocked by cEng_sram). Large setup violations at the end of those stages might be difficult to fix during the post-placement implementation flow and could be the result of non-optimal XDC constraints or non-optimal design architecture
Related violations: <none>

TIMING-16#3 Warning
Large setup violation  
There is a large setup violation of -1.106 ns between Inst_vga_gen/queue_reg[15][blank]/C (clocked by cEng_pixel) and data_cont/gamma_int_next_reg[4]/CE (clocked by cEng_sram). Large setup violations at the end of those stages might be difficult to fix during the post-placement implementation flow and could be the result of non-optimal XDC constraints or non-optimal design architecture
Related violations: <none>

TIMING-16#4 Warning
Large setup violation  
There is a large setup violation of -1.106 ns between Inst_vga_gen/queue_reg[15][blank]/C (clocked by cEng_pixel) and data_cont/gamma_int_reg[6]/CE (clocked by cEng_sram). Large setup violations at the end of those stages might be difficult to fix during the post-placement implementation flow and could be the result of non-optimal XDC constraints or non-optimal design architecture
Related violations: <none>

TIMING-16#5 Warning
Large setup violation  
There is a large setup violation of -1.117 ns between Inst_vga_gen/queue_reg[15][blank]/C (clocked by cEng_pixel) and data_cont/gamma_int_next_reg[7]/CE (clocked by cEng_sram). Large setup violations at the end of those stages might be difficult to fix during the post-placement implementation flow and could be the result of non-optimal XDC constraints or non-optimal design architecture
Related violations: <none>

TIMING-16#6 Warning
Large setup violation  
There is a large setup violation of -1.126 ns between Inst_vga_gen/queue_reg[15][blank]/C (clocked by cEng_pixel) and data_cont/gamma_int_next_reg[5]/CE (clocked by cEng_sram). Large setup violations at the end of those stages might be difficult to fix during the post-placement implementation flow and could be the result of non-optimal XDC constraints or non-optimal design architecture
Related violations: <none>

TIMING-16#7 Warning
Large setup violation  
There is a large setup violation of -1.126 ns between Inst_vga_gen/queue_reg[15][blank]/C (clocked by cEng_pixel) and data_cont/gamma_int_reg[7]/CE (clocked by cEng_sram). Large setup violations at the end of those stages might be difficult to fix during the post-placement implementation flow and could be the result of non-optimal XDC constraints or non-optimal design architecture
Related violations: <none>

TIMING-16#8 Warning
Large setup violation  
There is a large setup violation of -1.150 ns between data_cont/gamma_int_reg[6]/C (clocked by cEng_sram) and color_filter/gamma_smooth_reg[0][6]/D (clocked by cEng_pixel). Large setup violations at the end of those stages might be difficult to fix during the post-placement implementation flow and could be the result of non-optimal XDC constraints or non-optimal design architecture
Related violations: <none>

TIMING-16#9 Warning
Large setup violation  
There is a large setup violation of -1.218 ns between Inst_vga_gen/queue_reg[15][blank]/C (clocked by cEng_pixel) and data_cont/gamma_int_next_reg[6]/CE (clocked by cEng_sram). Large setup violations at the end of those stages might be difficult to fix during the post-placement implementation flow and could be the result of non-optimal XDC constraints or non-optimal design architecture
Related violations: <none>

TIMING-16#10 Warning
Large setup violation  
There is a large setup violation of -1.218 ns between Inst_vga_gen/queue_reg[15][blank]/C (clocked by cEng_pixel) and data_cont/gamma_int_reg[4]/CE (clocked by cEng_sram). Large setup violations at the end of those stages might be difficult to fix during the post-placement implementation flow and could be the result of non-optimal XDC constraints or non-optimal design architecture
Related violations: <none>

TIMING-16#11 Warning
Large setup violation  
There is a large setup violation of -1.225 ns between data_cont/gamma_int_reg[7]/C (clocked by cEng_sram) and color_filter/gamma_smooth_reg[0][7]/D (clocked by cEng_pixel). Large setup violations at the end of those stages might be difficult to fix during the post-placement implementation flow and could be the result of non-optimal XDC constraints or non-optimal design architecture
Related violations: <none>

TIMING-16#12 Warning
Large setup violation  
There is a large setup violation of -1.252 ns between Inst_vga_gen/queue_reg[15][blank]/C (clocked by cEng_pixel) and data_cont/SRAMADDR_O_reg[10]/CE (clocked by cEng_sram). Large setup violations at the end of those stages might be difficult to fix during the post-placement implementation flow and could be the result of non-optimal XDC constraints or non-optimal design architecture
Related violations: <none>

TIMING-16#13 Warning
Large setup violation  
There is a large setup violation of -1.252 ns between Inst_vga_gen/queue_reg[15][blank]/C (clocked by cEng_pixel) and data_cont/SRAMADDR_O_reg[9]/CE (clocked by cEng_sram). Large setup violations at the end of those stages might be difficult to fix during the post-placement implementation flow and could be the result of non-optimal XDC constraints or non-optimal design architecture
Related violations: <none>

TIMING-16#14 Warning
Large setup violation  
There is a large setup violation of -1.256 ns between Inst_vga_gen/queue_reg[15][blank]/C (clocked by cEng_pixel) and data_cont/SRAMADDR_O_reg[11]/CE (clocked by cEng_sram). Large setup violations at the end of those stages might be difficult to fix during the post-placement implementation flow and could be the result of non-optimal XDC constraints or non-optimal design architecture
Related violations: <none>

TIMING-16#15 Warning
Large setup violation  
There is a large setup violation of -1.256 ns between Inst_vga_gen/queue_reg[15][blank]/C (clocked by cEng_pixel) and data_cont/SRAMADDR_O_reg[5]/CE (clocked by cEng_sram). Large setup violations at the end of those stages might be difficult to fix during the post-placement implementation flow and could be the result of non-optimal XDC constraints or non-optimal design architecture
Related violations: <none>

TIMING-16#16 Warning
Large setup violation  
There is a large setup violation of -1.256 ns between Inst_vga_gen/queue_reg[15][blank]/C (clocked by cEng_pixel) and data_cont/SRAMADDR_O_reg[6]/CE (clocked by cEng_sram). Large setup violations at the end of those stages might be difficult to fix during the post-placement implementation flow and could be the result of non-optimal XDC constraints or non-optimal design architecture
Related violations: <none>

TIMING-16#17 Warning
Large setup violation  
There is a large setup violation of -1.264 ns between data_cont/gamma_int_reg[2]/C (clocked by cEng_sram) and color_filter/gamma_smooth_reg[0][2]/D (clocked by cEng_pixel). Large setup violations at the end of those stages might be difficult to fix during the post-placement implementation flow and could be the result of non-optimal XDC constraints or non-optimal design architecture
Related violations: <none>

TIMING-16#18 Warning
Large setup violation  
There is a large setup violation of -1.277 ns between data_cont/gamma_int_reg[3]/C (clocked by cEng_sram) and color_filter/gamma_smooth_reg[0][3]/D (clocked by cEng_pixel). Large setup violations at the end of those stages might be difficult to fix during the post-placement implementation flow and could be the result of non-optimal XDC constraints or non-optimal design architecture
Related violations: <none>

TIMING-16#19 Warning
Large setup violation  
There is a large setup violation of -1.306 ns between Inst_vga_gen/queue_reg[15][blank]/C (clocked by cEng_pixel) and data_cont/SRAMADDR_O_reg[1]/CE (clocked by cEng_sram). Large setup violations at the end of those stages might be difficult to fix during the post-placement implementation flow and could be the result of non-optimal XDC constraints or non-optimal design architecture
Related violations: <none>

TIMING-16#20 Warning
Large setup violation  
There is a large setup violation of -1.306 ns between Inst_vga_gen/queue_reg[15][blank]/C (clocked by cEng_pixel) and data_cont/SRAMADDR_O_reg[2]/CE (clocked by cEng_sram). Large setup violations at the end of those stages might be difficult to fix during the post-placement implementation flow and could be the result of non-optimal XDC constraints or non-optimal design architecture
Related violations: <none>

TIMING-16#21 Warning
Large setup violation  
There is a large setup violation of -1.312 ns between Inst_vga_gen/queue_reg[15][blank]/C (clocked by cEng_pixel) and data_cont/SRAMADDR_O_reg[4]/CE (clocked by cEng_sram). Large setup violations at the end of those stages might be difficult to fix during the post-placement implementation flow and could be the result of non-optimal XDC constraints or non-optimal design architecture
Related violations: <none>

TIMING-16#22 Warning
Large setup violation  
There is a large setup violation of -1.312 ns between Inst_vga_gen/queue_reg[15][blank]/C (clocked by cEng_pixel) and data_cont/SRAMADDR_O_reg[7]/CE (clocked by cEng_sram). Large setup violations at the end of those stages might be difficult to fix during the post-placement implementation flow and could be the result of non-optimal XDC constraints or non-optimal design architecture
Related violations: <none>

TIMING-16#23 Warning
Large setup violation  
There is a large setup violation of -1.314 ns between Inst_vga_gen/queue_reg[15][blank]/C (clocked by cEng_pixel) and data_cont/SRAMADDR_O_reg[12]/CE (clocked by cEng_sram). Large setup violations at the end of those stages might be difficult to fix during the post-placement implementation flow and could be the result of non-optimal XDC constraints or non-optimal design architecture
Related violations: <none>

TIMING-16#24 Warning
Large setup violation  
There is a large setup violation of -1.314 ns between Inst_vga_gen/queue_reg[15][blank]/C (clocked by cEng_pixel) and data_cont/SRAMADDR_O_reg[14]/CE (clocked by cEng_sram). Large setup violations at the end of those stages might be difficult to fix during the post-placement implementation flow and could be the result of non-optimal XDC constraints or non-optimal design architecture
Related violations: <none>

TIMING-16#25 Warning
Large setup violation  
There is a large setup violation of -1.314 ns between Inst_vga_gen/queue_reg[15][blank]/C (clocked by cEng_pixel) and data_cont/SRAMADDR_O_reg[15]/CE (clocked by cEng_sram). Large setup violations at the end of those stages might be difficult to fix during the post-placement implementation flow and could be the result of non-optimal XDC constraints or non-optimal design architecture
Related violations: <none>

TIMING-16#26 Warning
Large setup violation  
There is a large setup violation of -1.314 ns between Inst_vga_gen/queue_reg[15][blank]/C (clocked by cEng_pixel) and data_cont/SRAMADDR_O_reg[18]/CE (clocked by cEng_sram). Large setup violations at the end of those stages might be difficult to fix during the post-placement implementation flow and could be the result of non-optimal XDC constraints or non-optimal design architecture
Related violations: <none>

TIMING-16#27 Warning
Large setup violation  
There is a large setup violation of -1.330 ns between data_cont/gamma_int_reg[4]/C (clocked by cEng_sram) and color_filter/gamma_smooth_reg[0][4]/D (clocked by cEng_pixel). Large setup violations at the end of those stages might be difficult to fix during the post-placement implementation flow and could be the result of non-optimal XDC constraints or non-optimal design architecture
Related violations: <none>

TIMING-16#28 Warning
Large setup violation  
There is a large setup violation of -1.384 ns between data_cont/gamma_int_reg[0]/C (clocked by cEng_sram) and color_filter/gamma_smooth_reg[0][0]/D (clocked by cEng_pixel). Large setup violations at the end of those stages might be difficult to fix during the post-placement implementation flow and could be the result of non-optimal XDC constraints or non-optimal design architecture
Related violations: <none>

TIMING-16#29 Warning
Large setup violation  
There is a large setup violation of -1.400 ns between Inst_vga_gen/queue_reg[15][blank]/C (clocked by cEng_pixel) and data_cont/SRAMADDR_O_reg[17]/CE (clocked by cEng_sram). Large setup violations at the end of those stages might be difficult to fix during the post-placement implementation flow and could be the result of non-optimal XDC constraints or non-optimal design architecture
Related violations: <none>

TIMING-16#30 Warning
Large setup violation  
There is a large setup violation of -1.403 ns between Inst_vga_gen/queue_reg[15][blank]/C (clocked by cEng_pixel) and data_cont/SRAMADDR_O_reg[13]/CE (clocked by cEng_sram). Large setup violations at the end of those stages might be difficult to fix during the post-placement implementation flow and could be the result of non-optimal XDC constraints or non-optimal design architecture
Related violations: <none>

TIMING-16#31 Warning
Large setup violation  
There is a large setup violation of -1.403 ns between Inst_vga_gen/queue_reg[15][blank]/C (clocked by cEng_pixel) and data_cont/SRAMADDR_O_reg[8]/CE (clocked by cEng_sram). Large setup violations at the end of those stages might be difficult to fix during the post-placement implementation flow and could be the result of non-optimal XDC constraints or non-optimal design architecture
Related violations: <none>

TIMING-16#32 Warning
Large setup violation  
There is a large setup violation of -1.405 ns between Inst_vga_gen/queue_reg[15][blank]/C (clocked by cEng_pixel) and data_cont/SRAMADDR_O_reg[16]/CE (clocked by cEng_sram). Large setup violations at the end of those stages might be difficult to fix during the post-placement implementation flow and could be the result of non-optimal XDC constraints or non-optimal design architecture
Related violations: <none>

TIMING-16#33 Warning
Large setup violation  
There is a large setup violation of -1.453 ns between Inst_vga_gen/queue_reg[15][blank]/C (clocked by cEng_pixel) and data_cont/SRAMADDR_O_reg[0]/CE (clocked by cEng_sram). Large setup violations at the end of those stages might be difficult to fix during the post-placement implementation flow and could be the result of non-optimal XDC constraints or non-optimal design architecture
Related violations: <none>

TIMING-16#34 Warning
Large setup violation  
There is a large setup violation of -1.453 ns between Inst_vga_gen/queue_reg[15][blank]/C (clocked by cEng_pixel) and data_cont/SRAMADDR_O_reg[3]/CE (clocked by cEng_sram). Large setup violations at the end of those stages might be difficult to fix during the post-placement implementation flow and could be the result of non-optimal XDC constraints or non-optimal design architecture
Related violations: <none>

TIMING-16#35 Warning
Large setup violation  
There is a large setup violation of -1.652 ns between data_cont/gamma_int_reg[0]/C (clocked by cEng_sram) and color_filter/gamma_smooth_reg[2][0]/D (clocked by cEng_pixel). Large setup violations at the end of those stages might be difficult to fix during the post-placement implementation flow and could be the result of non-optimal XDC constraints or non-optimal design architecture
Related violations: <none>

TIMING-16#36 Warning
Large setup violation  
There is a large setup violation of -2.880 ns between data_cont/gamma_int_reg[4]/C (clocked by cEng_sram) and color_filter/gamma_smooth_reg[1][0]/D (clocked by cEng_pixel). Large setup violations at the end of those stages might be difficult to fix during the post-placement implementation flow and could be the result of non-optimal XDC constraints or non-optimal design architecture
Related violations: <none>

TIMING-16#37 Warning
Large setup violation  
There is a large setup violation of -2.931 ns between data_cont/gamma_int_reg[4]/C (clocked by cEng_sram) and color_filter/gamma_smooth_reg[2][1]/D (clocked by cEng_pixel). Large setup violations at the end of those stages might be difficult to fix during the post-placement implementation flow and could be the result of non-optimal XDC constraints or non-optimal design architecture
Related violations: <none>

TIMING-16#38 Warning
Large setup violation  
There is a large setup violation of -3.057 ns between data_cont/gamma_int_reg[4]/C (clocked by cEng_sram) and color_filter/gamma_smooth_reg[1][1]/D (clocked by cEng_pixel). Large setup violations at the end of those stages might be difficult to fix during the post-placement implementation flow and could be the result of non-optimal XDC constraints or non-optimal design architecture
Related violations: <none>

TIMING-16#39 Warning
Large setup violation  
There is a large setup violation of -3.180 ns between data_cont/gamma_int_reg[4]/C (clocked by cEng_sram) and color_filter/gamma_smooth_reg[1][2]/D (clocked by cEng_pixel). Large setup violations at the end of those stages might be difficult to fix during the post-placement implementation flow and could be the result of non-optimal XDC constraints or non-optimal design architecture
Related violations: <none>

TIMING-16#40 Warning
Large setup violation  
There is a large setup violation of -3.241 ns between data_cont/gamma_int_reg[4]/C (clocked by cEng_sram) and color_filter/gamma_smooth_reg[1][3]/D (clocked by cEng_pixel). Large setup violations at the end of those stages might be difficult to fix during the post-placement implementation flow and could be the result of non-optimal XDC constraints or non-optimal design architecture
Related violations: <none>

TIMING-16#41 Warning
Large setup violation  
There is a large setup violation of -3.284 ns between data_cont/gamma_int_reg[4]/C (clocked by cEng_sram) and color_filter/gamma_smooth_reg[2][2]/D (clocked by cEng_pixel). Large setup violations at the end of those stages might be difficult to fix during the post-placement implementation flow and could be the result of non-optimal XDC constraints or non-optimal design architecture
Related violations: <none>

TIMING-16#42 Warning
Large setup violation  
There is a large setup violation of -3.356 ns between data_cont/gamma_int_reg[4]/C (clocked by cEng_sram) and color_filter/gamma_smooth_reg[2][3]/D (clocked by cEng_pixel). Large setup violations at the end of those stages might be difficult to fix during the post-placement implementation flow and could be the result of non-optimal XDC constraints or non-optimal design architecture
Related violations: <none>

TIMING-16#43 Warning
Large setup violation  
There is a large setup violation of -3.490 ns between data_cont/gamma_int_reg[4]/C (clocked by cEng_sram) and color_filter/gamma_smooth_reg[1][4]/D (clocked by cEng_pixel). Large setup violations at the end of those stages might be difficult to fix during the post-placement implementation flow and could be the result of non-optimal XDC constraints or non-optimal design architecture
Related violations: <none>

TIMING-16#44 Warning
Large setup violation  
There is a large setup violation of -3.601 ns between data_cont/gamma_int_reg[4]/C (clocked by cEng_sram) and color_filter/gamma_smooth_reg[1][5]/D (clocked by cEng_pixel). Large setup violations at the end of those stages might be difficult to fix during the post-placement implementation flow and could be the result of non-optimal XDC constraints or non-optimal design architecture
Related violations: <none>

TIMING-16#45 Warning
Large setup violation  
There is a large setup violation of -3.684 ns between data_cont/SRAMADDR_O0/CLK (clocked by cEng_pixel) and data_cont/SRAMADDR_O_reg[18]/D (clocked by cEng_sram). Large setup violations at the end of those stages might be difficult to fix during the post-placement implementation flow and could be the result of non-optimal XDC constraints or non-optimal design architecture
Related violations: <none>

TIMING-16#46 Warning
Large setup violation  
There is a large setup violation of -3.689 ns between data_cont/SRAMADDR_O0/CLK (clocked by cEng_pixel) and data_cont/SRAMADDR_O_reg[2]/D (clocked by cEng_sram). Large setup violations at the end of those stages might be difficult to fix during the post-placement implementation flow and could be the result of non-optimal XDC constraints or non-optimal design architecture
Related violations: <none>

TIMING-16#47 Warning
Large setup violation  
There is a large setup violation of -3.690 ns between data_cont/SRAMADDR_O0/CLK (clocked by cEng_pixel) and data_cont/SRAMADDR_O_reg[1]/D (clocked by cEng_sram). Large setup violations at the end of those stages might be difficult to fix during the post-placement implementation flow and could be the result of non-optimal XDC constraints or non-optimal design architecture
Related violations: <none>

TIMING-16#48 Warning
Large setup violation  
There is a large setup violation of -3.698 ns between data_cont/SRAMADDR_O0/CLK (clocked by cEng_pixel) and data_cont/SRAMADDR_O_reg[14]/D (clocked by cEng_sram). Large setup violations at the end of those stages might be difficult to fix during the post-placement implementation flow and could be the result of non-optimal XDC constraints or non-optimal design architecture
Related violations: <none>

TIMING-16#49 Warning
Large setup violation  
There is a large setup violation of -3.732 ns between data_cont/gamma_int_reg[4]/C (clocked by cEng_sram) and color_filter/gamma_smooth_reg[2][4]/D (clocked by cEng_pixel). Large setup violations at the end of those stages might be difficult to fix during the post-placement implementation flow and could be the result of non-optimal XDC constraints or non-optimal design architecture
Related violations: <none>

TIMING-16#50 Warning
Large setup violation  
There is a large setup violation of -3.748 ns between data_cont/gamma_int_reg[4]/C (clocked by cEng_sram) and color_filter/gamma_smooth_reg[2][6]/D (clocked by cEng_pixel). Large setup violations at the end of those stages might be difficult to fix during the post-placement implementation flow and could be the result of non-optimal XDC constraints or non-optimal design architecture
Related violations: <none>

TIMING-16#51 Warning
Large setup violation  
There is a large setup violation of -3.768 ns between data_cont/SRAMADDR_O0/CLK (clocked by cEng_pixel) and data_cont/SRAMADDR_O_reg[8]/D (clocked by cEng_sram). Large setup violations at the end of those stages might be difficult to fix during the post-placement implementation flow and could be the result of non-optimal XDC constraints or non-optimal design architecture
Related violations: <none>

TIMING-16#52 Warning
Large setup violation  
There is a large setup violation of -3.769 ns between data_cont/SRAMADDR_O0/CLK (clocked by cEng_pixel) and data_cont/SRAMADDR_O_reg[10]/D (clocked by cEng_sram). Large setup violations at the end of those stages might be difficult to fix during the post-placement implementation flow and could be the result of non-optimal XDC constraints or non-optimal design architecture
Related violations: <none>

TIMING-16#53 Warning
Large setup violation  
There is a large setup violation of -3.771 ns between data_cont/SRAMADDR_O0/CLK (clocked by cEng_pixel) and data_cont/SRAMADDR_O_reg[5]/D (clocked by cEng_sram). Large setup violations at the end of those stages might be difficult to fix during the post-placement implementation flow and could be the result of non-optimal XDC constraints or non-optimal design architecture
Related violations: <none>

TIMING-16#54 Warning
Large setup violation  
There is a large setup violation of -3.771 ns between data_cont/SRAMADDR_O0/CLK (clocked by cEng_pixel) and data_cont/SRAMADDR_O_reg[6]/D (clocked by cEng_sram). Large setup violations at the end of those stages might be difficult to fix during the post-placement implementation flow and could be the result of non-optimal XDC constraints or non-optimal design architecture
Related violations: <none>

TIMING-16#55 Warning
Large setup violation  
There is a large setup violation of -3.775 ns between data_cont/SRAMADDR_O0/CLK (clocked by cEng_pixel) and data_cont/SRAMADDR_O_reg[16]/D (clocked by cEng_sram). Large setup violations at the end of those stages might be difficult to fix during the post-placement implementation flow and could be the result of non-optimal XDC constraints or non-optimal design architecture
Related violations: <none>

TIMING-16#56 Warning
Large setup violation  
There is a large setup violation of -3.789 ns between data_cont/SRAMADDR_O0/CLK (clocked by cEng_pixel) and data_cont/SRAMADDR_O_reg[11]/D (clocked by cEng_sram). Large setup violations at the end of those stages might be difficult to fix during the post-placement implementation flow and could be the result of non-optimal XDC constraints or non-optimal design architecture
Related violations: <none>

TIMING-16#57 Warning
Large setup violation  
There is a large setup violation of -3.796 ns between data_cont/SRAMADDR_O0/CLK (clocked by cEng_pixel) and data_cont/SRAMADDR_O_reg[17]/D (clocked by cEng_sram). Large setup violations at the end of those stages might be difficult to fix during the post-placement implementation flow and could be the result of non-optimal XDC constraints or non-optimal design architecture
Related violations: <none>

TIMING-16#58 Warning
Large setup violation  
There is a large setup violation of -3.797 ns between data_cont/SRAMADDR_O0/CLK (clocked by cEng_pixel) and data_cont/SRAMADDR_O_reg[13]/D (clocked by cEng_sram). Large setup violations at the end of those stages might be difficult to fix during the post-placement implementation flow and could be the result of non-optimal XDC constraints or non-optimal design architecture
Related violations: <none>

TIMING-16#59 Warning
Large setup violation  
There is a large setup violation of -3.803 ns between data_cont/SRAMADDR_O0/CLK (clocked by cEng_pixel) and data_cont/SRAMADDR_O_reg[9]/D (clocked by cEng_sram). Large setup violations at the end of those stages might be difficult to fix during the post-placement implementation flow and could be the result of non-optimal XDC constraints or non-optimal design architecture
Related violations: <none>

TIMING-16#60 Warning
Large setup violation  
There is a large setup violation of -3.805 ns between data_cont/SRAMADDR_O0/CLK (clocked by cEng_pixel) and data_cont/SRAMADDR_O_reg[15]/D (clocked by cEng_sram). Large setup violations at the end of those stages might be difficult to fix during the post-placement implementation flow and could be the result of non-optimal XDC constraints or non-optimal design architecture
Related violations: <none>

TIMING-16#61 Warning
Large setup violation  
There is a large setup violation of -3.806 ns between data_cont/SRAMADDR_O0/CLK (clocked by cEng_pixel) and data_cont/SRAMADDR_O_reg[4]/D (clocked by cEng_sram). Large setup violations at the end of those stages might be difficult to fix during the post-placement implementation flow and could be the result of non-optimal XDC constraints or non-optimal design architecture
Related violations: <none>

TIMING-16#62 Warning
Large setup violation  
There is a large setup violation of -3.807 ns between data_cont/SRAMADDR_O0/CLK (clocked by cEng_pixel) and data_cont/SRAMADDR_O_reg[0]/D (clocked by cEng_sram). Large setup violations at the end of those stages might be difficult to fix during the post-placement implementation flow and could be the result of non-optimal XDC constraints or non-optimal design architecture
Related violations: <none>

TIMING-16#63 Warning
Large setup violation  
There is a large setup violation of -3.810 ns between data_cont/SRAMADDR_O0/CLK (clocked by cEng_pixel) and data_cont/SRAMADDR_O_reg[12]/D (clocked by cEng_sram). Large setup violations at the end of those stages might be difficult to fix during the post-placement implementation flow and could be the result of non-optimal XDC constraints or non-optimal design architecture
Related violations: <none>

TIMING-16#64 Warning
Large setup violation  
There is a large setup violation of -3.813 ns between data_cont/SRAMADDR_O0/CLK (clocked by cEng_pixel) and data_cont/SRAMADDR_O_reg[7]/D (clocked by cEng_sram). Large setup violations at the end of those stages might be difficult to fix during the post-placement implementation flow and could be the result of non-optimal XDC constraints or non-optimal design architecture
Related violations: <none>

TIMING-16#65 Warning
Large setup violation  
There is a large setup violation of -3.814 ns between data_cont/SRAMADDR_O0/CLK (clocked by cEng_pixel) and data_cont/SRAMADDR_O_reg[3]/D (clocked by cEng_sram). Large setup violations at the end of those stages might be difficult to fix during the post-placement implementation flow and could be the result of non-optimal XDC constraints or non-optimal design architecture
Related violations: <none>

TIMING-16#66 Warning
Large setup violation  
There is a large setup violation of -3.822 ns between data_cont/gamma_int_reg[4]/C (clocked by cEng_sram) and color_filter/gamma_smooth_reg[2][7]/D (clocked by cEng_pixel). Large setup violations at the end of those stages might be difficult to fix during the post-placement implementation flow and could be the result of non-optimal XDC constraints or non-optimal design architecture
Related violations: <none>

TIMING-16#67 Warning
Large setup violation  
There is a large setup violation of -3.842 ns between data_cont/gamma_int_reg[4]/C (clocked by cEng_sram) and color_filter/gamma_smooth_reg[1][6]/D (clocked by cEng_pixel). Large setup violations at the end of those stages might be difficult to fix during the post-placement implementation flow and could be the result of non-optimal XDC constraints or non-optimal design architecture
Related violations: <none>

TIMING-16#68 Warning
Large setup violation  
There is a large setup violation of -3.843 ns between data_cont/gamma_int_reg[4]/C (clocked by cEng_sram) and color_filter/gamma_smooth_reg[2][5]/D (clocked by cEng_pixel). Large setup violations at the end of those stages might be difficult to fix during the post-placement implementation flow and could be the result of non-optimal XDC constraints or non-optimal design architecture
Related violations: <none>

TIMING-16#69 Warning
Large setup violation  
There is a large setup violation of -3.902 ns between data_cont/gamma_int_reg[4]/C (clocked by cEng_sram) and color_filter/gamma_smooth_reg[1][7]/D (clocked by cEng_pixel). Large setup violations at the end of those stages might be difficult to fix during the post-placement implementation flow and could be the result of non-optimal XDC constraints or non-optimal design architecture
Related violations: <none>

TIMING-16#70 Warning
Large setup violation  
There is a large setup violation of -4.167 ns between data_cont/gamma_int_reg[4]/C (clocked by cEng_sram) and color_filter/gamma_smooth_reg[3][0]/D (clocked by cEng_pixel). Large setup violations at the end of those stages might be difficult to fix during the post-placement implementation flow and could be the result of non-optimal XDC constraints or non-optimal design architecture
Related violations: <none>

TIMING-16#71 Warning
Large setup violation  
There is a large setup violation of -4.325 ns between data_cont/gamma_int_reg[4]/C (clocked by cEng_sram) and color_filter/gamma_smooth_reg[3][1]/D (clocked by cEng_pixel). Large setup violations at the end of those stages might be difficult to fix during the post-placement implementation flow and could be the result of non-optimal XDC constraints or non-optimal design architecture
Related violations: <none>

TIMING-16#72 Warning
Large setup violation  
There is a large setup violation of -4.635 ns between data_cont/gamma_int_reg[4]/C (clocked by cEng_sram) and color_filter/gamma_smooth_reg[3][2]/D (clocked by cEng_pixel). Large setup violations at the end of those stages might be difficult to fix during the post-placement implementation flow and could be the result of non-optimal XDC constraints or non-optimal design architecture
Related violations: <none>

TIMING-16#73 Warning
Large setup violation  
There is a large setup violation of -5.017 ns between data_cont/gamma_int_reg[4]/C (clocked by cEng_sram) and color_filter/gamma_smooth_reg[3][3]/D (clocked by cEng_pixel). Large setup violations at the end of those stages might be difficult to fix during the post-placement implementation flow and could be the result of non-optimal XDC constraints or non-optimal design architecture
Related violations: <none>

TIMING-16#74 Warning
Large setup violation  
There is a large setup violation of -5.353 ns between data_cont/gamma_int_reg[4]/C (clocked by cEng_sram) and color_filter/gamma_smooth_reg[3][4]/D (clocked by cEng_pixel). Large setup violations at the end of those stages might be difficult to fix during the post-placement implementation flow and could be the result of non-optimal XDC constraints or non-optimal design architecture
Related violations: <none>

TIMING-16#75 Warning
Large setup violation  
There is a large setup violation of -5.458 ns between data_cont/gamma_int_reg[4]/C (clocked by cEng_sram) and color_filter/gamma_smooth_reg[3][6]/D (clocked by cEng_pixel). Large setup violations at the end of those stages might be difficult to fix during the post-placement implementation flow and could be the result of non-optimal XDC constraints or non-optimal design architecture
Related violations: <none>

TIMING-16#76 Warning
Large setup violation  
There is a large setup violation of -5.473 ns between data_cont/gamma_int_reg[4]/C (clocked by cEng_sram) and color_filter/gamma_smooth_reg[3][5]/D (clocked by cEng_pixel). Large setup violations at the end of those stages might be difficult to fix during the post-placement implementation flow and could be the result of non-optimal XDC constraints or non-optimal design architecture
Related violations: <none>

TIMING-16#77 Warning
Large setup violation  
There is a large setup violation of -5.538 ns between data_cont/gamma_int_reg[4]/C (clocked by cEng_sram) and color_filter/gamma_smooth_reg[3][7]/D (clocked by cEng_pixel). Large setup violations at the end of those stages might be difficult to fix during the post-placement implementation flow and could be the result of non-optimal XDC constraints or non-optimal design architecture
Related violations: <none>

TIMING-18#1 Warning
Missing input or output delay  
An output delay is missing on led[0] relative to clock(s) sys_clk_pin
Related violations: <none>

TIMING-18#2 Warning
Missing input or output delay  
An output delay is missing on led[1] relative to clock(s) sys_clk_pin
Related violations: <none>

TIMING-18#3 Warning
Missing input or output delay  
An output delay is missing on led[2] relative to clock(s) sys_clk_pin
Related violations: <none>

TIMING-18#4 Warning
Missing input or output delay  
An output delay is missing on led[3] relative to clock(s) sys_clk_pin
Related violations: <none>

TIMING-18#5 Warning
Missing input or output delay  
An output delay is missing on led[4] relative to clock(s) sys_clk_pin
Related violations: <none>

TIMING-18#6 Warning
Missing input or output delay  
An output delay is missing on led[5] relative to clock(s) sys_clk_pin
Related violations: <none>


