#
# An unexpected error has occurred (11)
#
Stack:
/lib/x86_64-linux-gnu/libc.so.6(+0x3f040) [0x7fec023d1040]
/opt/Xilinx/Vivado/2020.1/lib/lnx64.o/librdi_place.so(HAPLFTiming::getWns()+0x12) [0x7febcbe962e2]
/opt/Xilinx/Vivado/2020.1/lib/lnx64.o/librdi_place.so(HAPLFSmallShapeDetailPlacer::initialize(HAPLClusterBase::ClusterType, bool&, bool, bool&, double&)+0x4d1) [0x7febcbe1ef81]
/opt/Xilinx/Vivado/2020.1/lib/lnx64.o/librdi_place.so(HAPLFSmallShapeDetailPlacer::runImpl(HAPLClusterBase::ClusterType, bool, bool)+0xa9) [0x7febcbe24559]
/opt/Xilinx/Vivado/2020.1/lib/lnx64.o/librdi_place.so(HAPLFSmallShapeDetailPlacer::run(bool, bool)+0x318) [0x7febcbe24d88]
/opt/Xilinx/Vivado/2020.1/lib/lnx64.o/librdi_implflow.so(HAPLFFastPlace3::doDPsmallShapes(bool, bool, HAPLFClusterGeneratorInterface*, HAPLFActiveContext*)+0x35e) [0x7febd173808e]
/opt/Xilinx/Vivado/2020.1/lib/lnx64.o/librdi_implflow.so(HAPLFFastPlace3::placeDetail()+0x3a) [0x7febd1738d8a]
/opt/Xilinx/Vivado/2020.1/lib/lnx64.o/librdi_implflow.so(HAPLFFastPlace3::doDetailPlacementBody(bool)+0xd88) [0x7febd173b958]
/opt/Xilinx/Vivado/2020.1/lib/lnx64.o/librdi_implflow.so(HAPLFFastPlace3::doDetailPlacement(bool)+0xdd) [0x7febd173e53d]
/opt/Xilinx/Vivado/2020.1/lib/lnx64.o/librdi_implflow.so(HAPLFFastPlace3::doPlacement(bool, bool, unsigned int)+0x40e) [0x7febd174231e]
/opt/Xilinx/Vivado/2020.1/lib/lnx64.o/librdi_implflow.so(HAPLFFastPlace3::place(HAPLPlaceApi&, HFLFloorplan&, HAPLFFastFlowParam const&, HDPLTask&, HAPLFMigPblockInfo const*)+0x1985) [0x7febd17446f5]
/opt/Xilinx/Vivado/2020.1/lib/lnx64.o/librdi_implflow.so(HAPLFFastFlow3::doPlace(HDPLTask&)+0x80) [0x7febd16da720]
/opt/Xilinx/Vivado/2020.1/lib/lnx64.o/librdi_implflow.so(HAPLFFastFlow3::place(HAPLFFastFlowParam&, HAPLFMigPblockInfo const*)+0x34c) [0x7febd16dd86c]
/opt/Xilinx/Vivado/2020.1/lib/lnx64.o/librdi_vivadotasks.so(+0x4c78b3) [0x7febb3aa38b3]
/opt/Xilinx/Vivado/2020.1/lib/lnx64.o/librdi_vivadotasks.so(+0x4ceb00) [0x7febb3aaab00]
/opt/Xilinx/Vivado/2020.1/lib/lnx64.o/librdi_common.so(+0x9627f2) [0x7fec0389b7f2]
/opt/Xilinx/Vivado/2020.1/lib/lnx64.o/libtcl8.5.so(+0x334af) [0x7febfd7024af]
/opt/Xilinx/Vivado/2020.1/lib/lnx64.o/libtcl8.5.so(+0x76875) [0x7febfd745875]
/opt/Xilinx/Vivado/2020.1/lib/lnx64.o/libtcl8.5.so(+0x7e029) [0x7febfd74d029]
/opt/Xilinx/Vivado/2020.1/lib/lnx64.o/libtcl8.5.so(TclEvalObjEx+0x76) [0x7febfd704156]
/opt/Xilinx/Vivado/2020.1/lib/lnx64.o/librdi_commontasks.so(+0x1db7c4) [0x7febf79c57c4]
/opt/Xilinx/Vivado/2020.1/lib/lnx64.o/libtcl8.5.so(+0x334af) [0x7febfd7024af]
/opt/Xilinx/Vivado/2020.1/lib/lnx64.o/libtcl8.5.so(+0x34b38) [0x7febfd703b38]
/opt/Xilinx/Vivado/2020.1/lib/lnx64.o/libtcl8.5.so(+0xad486) [0x7febfd77c486]
/opt/Xilinx/Vivado/2020.1/lib/lnx64.o/libtcl8.5.so(+0x346c5) [0x7febfd7036c5]
/opt/Xilinx/Vivado/2020.1/lib/lnx64.o/libtcl8.5.so(Tcl_EvalEx+0x13) [0x7febfd7040a3]
/opt/Xilinx/Vivado/2020.1/lib/lnx64.o/libtcl8.5.so(Tcl_FSEvalFileEx+0x1da) [0x7febfd768c5a]
/opt/Xilinx/Vivado/2020.1/lib/lnx64.o/librdi_commontasks.so(+0x1f895d) [0x7febf79e295d]
/opt/Xilinx/Vivado/2020.1/lib/lnx64.o/librdi_common.so(+0x9627f2) [0x7fec0389b7f2]
/opt/Xilinx/Vivado/2020.1/lib/lnx64.o/libtcl8.5.so(+0x334af) [0x7febfd7024af]
/opt/Xilinx/Vivado/2020.1/lib/lnx64.o/libtcl8.5.so(Tcl_EvalObjv+0x32) [0x7febfd7025e2]
/opt/Xilinx/Vivado/2020.1/lib/lnx64.o/libtcl8.5.so(TclEvalObjEx+0x322) [0x7febfd704402]
/opt/Xilinx/Vivado/2020.1/lib/lnx64.o/librdi_commontasks.so(+0x23f068) [0x7febf7a29068]
/opt/Xilinx/Vivado/2020.1/lib/lnx64.o/librdi_commontasks.so(+0x24093e) [0x7febf7a2a93e]
/opt/Xilinx/Vivado/2020.1/lib/lnx64.o/librdi_common.so(+0x9627f2) [0x7fec0389b7f2]
/opt/Xilinx/Vivado/2020.1/lib/lnx64.o/libtcl8.5.so(+0x334af) [0x7febfd7024af]
/opt/Xilinx/Vivado/2020.1/lib/lnx64.o/libtcl8.5.so(Tcl_EvalObjv+0x32) [0x7febfd7025e2]
/opt/Xilinx/Vivado/2020.1/lib/lnx64.o/libtcl8.5.so(TclEvalObjEx+0x322) [0x7febfd704402]
/opt/Xilinx/Vivado/2020.1/lib/lnx64.o/librdi_commonmain.so(+0xad53) [0x7fec02d31d53]
/opt/Xilinx/Vivado/2020.1/lib/lnx64.o/libtcl8.5.so(Tcl_Main+0x1d0) [0x7febfd76f210]
/opt/Xilinx/Vivado/2020.1/lib/lnx64.o/librdi_common.so(+0x9a6e6b) [0x7fec038dfe6b]
/lib/x86_64-linux-gnu/libpthread.so.0(+0x76db) [0x7fec0217a6db]
/lib/x86_64-linux-gnu/libc.so.6(clone+0x3f) [0x7fec024b371f]
